#
# There is insufficient memory for the Java Runtime Environment to continue.
# Native memory allocation (malloc) failed to allocate 32784 bytes for Chunk::new
# Possible reasons:
#   The system is out of physical RAM or swap space
#   The process is running with CompressedOops enabled, and the Java Heap may be blocking the growth of the native heap
# Possible solutions:
#   Reduce memory load on the system
#   Increase physical memory or swap space
#   Check if swap backing store is full
#   Decrease Java heap size (-Xmx/-Xms)
#   Decrease number of Java threads
#   Decrease Java thread stack sizes (-Xss)
#   Set larger code cache with -XX:ReservedCodeCacheSize=
#   JVM is running with Unscaled Compressed Oops mode in which the Java heap is
#     placed in the first 4GB address space. The Java Heap base address is the
#     maximum limit for the native heap growth. Please use -XX:HeapBaseMinAddress
#     to set the Java Heap base and to place the Java Heap above 4GB virtual address.
# This output file may be truncated or incomplete.
#
#  Out of Memory Error (allocation.cpp:389), pid=2300, tid=0x0000000000000f0c
#
# JRE version: Java(TM) SE Runtime Environment (8.0_221-b11) (build 1.8.0_221-b11)
# Java VM: Java HotSpot(TM) 64-Bit Server VM (25.221-b11 mixed mode windows-amd64 compressed oops)
# Failed to write core dump. 
#

---------------  T H R E A D  ---------------

Current thread (0x0000000017460800):  JavaThread "C2 CompilerThread0" daemon [_thread_in_native, id=3852, stack(0x0000000018580000,0x0000000018680000)]

Stack: [0x0000000018580000,0x0000000018680000]
[error occurred during error reporting (printing stack bounds), id 0xc0000005]

Native frames: (J=compiled Java code, j=interpreted, Vv=VM code, C=native code)


Current CompileTask:
C2:3408149 7693       4       org.apache.http.impl.client.ClientParamsStack::getParameter (95 bytes)


---------------  P R O C E S S  ---------------

Java Threads: ( => current thread )
  0x000000001d4e1800 JavaThread "DestroyJavaVM" [_thread_blocked, id=704, stack(0x0000000002880000,0x0000000002980000)]
  0x000000001d4df000 JavaThread "http-nio-8761-Acceptor" daemon [_thread_in_native, id=5240, stack(0x0000000037fa0000,0x00000000380a0000)]
  0x000000001d4e0000 JavaThread "http-nio-8761-ClientPoller" daemon [_thread_in_native, id=5236, stack(0x0000000037ea0000,0x0000000037fa0000)]
  0x000000001d4e5800 JavaThread "http-nio-8761-exec-10" daemon [_thread_blocked, id=5232, stack(0x0000000037da0000,0x0000000037ea0000)]
  0x000000001d4e4000 JavaThread "http-nio-8761-exec-9" daemon [_thread_blocked, id=5228, stack(0x0000000037ca0000,0x0000000037da0000)]
  0x000000001d4de800 JavaThread "http-nio-8761-exec-8" daemon [_thread_blocked, id=5224, stack(0x0000000037ba0000,0x0000000037ca0000)]
  0x000000001d4e4800 JavaThread "http-nio-8761-exec-7" daemon [_thread_blocked, id=5220, stack(0x0000000037aa0000,0x0000000037ba0000)]
  0x000000001d4e3000 JavaThread "http-nio-8761-exec-6" daemon [_thread_blocked, id=5216, stack(0x00000000379a0000,0x0000000037aa0000)]
  0x000000001d4e0800 JavaThread "http-nio-8761-exec-5" daemon [_thread_blocked, id=5212, stack(0x00000000378a0000,0x00000000379a0000)]
  0x000000001d4e2000 JavaThread "http-nio-8761-exec-4" daemon [_thread_blocked, id=5208, stack(0x00000000377a0000,0x00000000378a0000)]
  0x000000001d4d7000 JavaThread "http-nio-8761-exec-3" daemon [_thread_blocked, id=5204, stack(0x00000000376a0000,0x00000000377a0000)]
  0x000000001d4dd800 JavaThread "http-nio-8761-exec-2" daemon [_thread_blocked, id=5200, stack(0x00000000375a0000,0x00000000376a0000)]
  0x000000001d4d6000 JavaThread "http-nio-8761-exec-1" daemon [_thread_blocked, id=5196, stack(0x00000000374a0000,0x00000000375a0000)]
  0x000000001d4da800 JavaThread "http-nio-8761-BlockPoller" daemon [_thread_in_native, id=5192, stack(0x00000000373a0000,0x00000000374a0000)]
  0x000000001d4db800 JavaThread "Eureka-CacheFillTimer" daemon [_thread_blocked, id=5184, stack(0x00000000371a0000,0x00000000372a0000)]
  0x000000001d4dd000 JavaThread "Eureka-PeerNodesUpdater" daemon [_thread_blocked, id=5180, stack(0x00000000370a0000,0x00000000371a0000)]
  0x000000001d4da000 JavaThread "TaskNonBatchingWorker-localhost-0" daemon [_thread_blocked, id=5176, stack(0x0000000036fa0000,0x00000000370a0000)]
  0x000000001d4d8800 JavaThread "TaskAcceptor-localhost" daemon [_thread_blocked, id=5172, stack(0x0000000036ea0000,0x0000000036fa0000)]
  0x000000001d4d9000 JavaThread "TaskBatchingWorker-target_localhost-19" daemon [_thread_blocked, id=5168, stack(0x0000000036da0000,0x0000000036ea0000)]
  0x000000001d4dc000 JavaThread "TaskBatchingWorker-target_localhost-18" daemon [_thread_blocked, id=5164, stack(0x0000000036ca0000,0x0000000036da0000)]
  0x000000001d524000 JavaThread "TaskBatchingWorker-target_localhost-17" daemon [_thread_blocked, id=5160, stack(0x0000000036ba0000,0x0000000036ca0000)]
  0x000000001d523000 JavaThread "TaskBatchingWorker-target_localhost-16" daemon [_thread_blocked, id=5156, stack(0x0000000036aa0000,0x0000000036ba0000)]
  0x000000001d522800 JavaThread "TaskBatchingWorker-target_localhost-15" daemon [_thread_blocked, id=5152, stack(0x00000000369a0000,0x0000000036aa0000)]
  0x000000001d521800 JavaThread "TaskBatchingWorker-target_localhost-14" daemon [_thread_blocked, id=5148, stack(0x00000000368a0000,0x00000000369a0000)]
  0x000000001d525800 JavaThread "TaskBatchingWorker-target_localhost-13" daemon [_thread_blocked, id=5144, stack(0x00000000367a0000,0x00000000368a0000)]
  0x000000001d524800 JavaThread "TaskBatchingWorker-target_localhost-12" daemon [_thread_blocked, id=5140, stack(0x00000000366a0000,0x00000000367a0000)]
  0x000000001d521000 JavaThread "TaskBatchingWorker-target_localhost-11" daemon [_thread_blocked, id=5136, stack(0x00000000365a0000,0x00000000366a0000)]
  0x000000001d519000 JavaThread "TaskBatchingWorker-target_localhost-10" daemon [_thread_blocked, id=5132, stack(0x00000000364a0000,0x00000000365a0000)]
  0x000000001d51d800 JavaThread "TaskBatchingWorker-target_localhost-9" daemon [_thread_blocked, id=5128, stack(0x00000000363a0000,0x00000000364a0000)]
  0x000000001d520000 JavaThread "TaskBatchingWorker-target_localhost-8" daemon [_thread_blocked, id=5124, stack(0x00000000362a0000,0x00000000363a0000)]
  0x000000001d51f000 JavaThread "TaskBatchingWorker-target_localhost-7" daemon [_thread_blocked, id=1688, stack(0x00000000361a0000,0x00000000362a0000)]
  0x000000001d51e800 JavaThread "TaskBatchingWorker-target_localhost-6" daemon [_thread_blocked, id=4048, stack(0x00000000360a0000,0x00000000361a0000)]
  0x000000001d516000 JavaThread "TaskBatchingWorker-target_localhost-5" daemon [_thread_blocked, id=764, stack(0x0000000035fa0000,0x00000000360a0000)]
  0x000000001d51a000 JavaThread "TaskBatchingWorker-target_localhost-4" daemon [_thread_blocked, id=4840, stack(0x0000000035ea0000,0x0000000035fa0000)]
  0x000000001d51a800 JavaThread "TaskBatchingWorker-target_localhost-3" daemon [_thread_blocked, id=1016, stack(0x0000000035da0000,0x0000000035ea0000)]
  0x000000001d517800 JavaThread "TaskBatchingWorker-target_localhost-2" daemon [_thread_blocked, id=4036, stack(0x0000000035ca0000,0x0000000035da0000)]
  0x000000001d51d000 JavaThread "TaskBatchingWorker-target_localhost-1" daemon [_thread_blocked, id=4968, stack(0x0000000035ba0000,0x0000000035ca0000)]
  0x000000001d518800 JavaThread "TaskBatchingWorker-target_localhost-0" daemon [_thread_blocked, id=2440, stack(0x0000000035aa0000,0x0000000035ba0000)]
  0x000000001d51b800 JavaThread "StatsMonitor-0" daemon [_thread_blocked, id=708, stack(0x00000000359a0000,0x0000000035aa0000)]
  0x000000001d517000 JavaThread "TaskAcceptor-target_localhost" daemon [_thread_blocked, id=3972, stack(0x00000000358a0000,0x00000000359a0000)]
  0x000000001d51c000 JavaThread "Apache-HttpClient-Conn-Cleaner2" daemon [_thread_blocked, id=1712, stack(0x00000000357a0000,0x00000000358a0000)]
  0x0000000018f09000 JavaThread "Eureka-MeasureRateTimer" daemon [_thread_blocked, id=1324, stack(0x00000000356a0000,0x00000000357a0000)]
  0x0000000018f08000 JavaThread "ReplicaAwareInstanceRegistry - RenewalThresholdUpdater" daemon [_thread_blocked, id=4088, stack(0x00000000355a0000,0x00000000356a0000)]
  0x0000000018f0c000 JavaThread "Eureka-MeasureRateTimer" daemon [_thread_blocked, id=4520, stack(0x00000000354a0000,0x00000000355a0000)]
  0x0000000018f0f000 JavaThread "Eureka-EvictionTimer" daemon [_thread_blocked, id=4660, stack(0x00000000353a0000,0x00000000354a0000)]
  0x0000000018f0d800 JavaThread "Eureka-DeltaRetentionTimer" daemon [_thread_blocked, id=5028, stack(0x00000000352a0000,0x00000000353a0000)]
  0x0000000018f0c800 JavaThread "spring.cloud.inetutils" daemon [_thread_blocked, id=624, stack(0x00000000351a0000,0x00000000352a0000)]
  0x0000000018f0b000 JavaThread "container-0" [_thread_blocked, id=1152, stack(0x00000000350a0000,0x00000000351a0000)]
  0x0000000018f09800 JavaThread "Catalina-utility-2" [_thread_blocked, id=4960, stack(0x0000000034fa0000,0x00000000350a0000)]
  0x0000000018f0a800 JavaThread "Catalina-utility-1" [_thread_blocked, id=4132, stack(0x0000000034ea0000,0x0000000034fa0000)]
  0x0000000017487000 JavaThread "Service Thread" daemon [_thread_blocked, id=3152, stack(0x0000000018780000,0x0000000018880000)]
  0x0000000017469000 JavaThread "C1 CompilerThread1" daemon [_thread_blocked, id=496, stack(0x0000000018680000,0x0000000018780000)]
=>0x0000000017460800 JavaThread "C2 CompilerThread0" daemon [_thread_in_native, id=3852, stack(0x0000000018580000,0x0000000018680000)]
  0x000000001745f800 JavaThread "Attach Listener" daemon [_thread_blocked, id=4476, stack(0x0000000018480000,0x0000000018580000)]
  0x000000001745c000 JavaThread "Signal Dispatcher" daemon [_thread_blocked, id=3080, stack(0x0000000018380000,0x0000000018480000)]
  0x0000000017448000 JavaThread "Finalizer" daemon [_thread_blocked, id=4360, stack(0x0000000018190000,0x0000000018290000)]
  0x0000000002a75800 JavaThread "Reference Handler" daemon [_thread_blocked, id=4272, stack(0x0000000018090000,0x0000000018190000)]

Other Threads:
  0x0000000017427000 VMThread [stack: 0x0000000017e90000,0x0000000017f90000] [id=3588]
  0x00000000174d4000 WatcherThread [stack: 0x0000000018880000,0x0000000018980000] [id=2088]

VM state:not at safepoint (normal execution)

VM Mutex/Monitor currently owned by a thread: None

heap address: 0x0000000080000000, size: 2048 MB, Compressed Oops mode: 32-bit
Narrow klass base: 0x0000000000000000, Narrow klass shift: 3
Compressed class space size: 1073741824 Address: 0x0000000100000000

Heap:
 PSYoungGen      total 282624K, used 39310K [0x00000000d5580000, 0x00000000e8200000, 0x0000000100000000)
  eden space 275456K, 14% used [0x00000000d5580000,0x00000000d7be3990,0x00000000e6280000)
  from space 7168K, 0% used [0x00000000e7b00000,0x00000000e7b00000,0x00000000e8200000)
  to   space 15360K, 0% used [0x00000000e6400000,0x00000000e6400000,0x00000000e7300000)
 ParOldGen       total 122880K, used 20518K [0x0000000080000000, 0x0000000087800000, 0x00000000d5580000)
  object space 122880K, 16% used [0x0000000080000000,0x0000000081409ba0,0x0000000087800000)
 Metaspace       used 56169K, capacity 58730K, committed 59264K, reserved 1099776K
  class space    used 7485K, capacity 7908K, committed 8064K, reserved 1048576K

Card table byte_map: [0x0000000011e40000,0x0000000012250000] byte_map_base: 0x0000000011a40000

Marking Bits: (ParMarkBitMap*) 0x000000006cf95ce0
 Begin Bits: [0x0000000012700000, 0x0000000014700000)
 End Bits:   [0x0000000014700000, 0x0000000016700000)

Polling page: 0x0000000000c50000

CodeCache: size=245760Kb used=21822Kb max_used=21824Kb free=223937Kb
 bounds [0x0000000002a80000, 0x0000000003ff0000, 0x0000000011a80000]
 total_blobs=7237 nmethods=6716 adapters=434
 compilation: enabled

Compilation events (10 events):
Event: 3383.695 Thread 0x0000000017469000 nmethod 7688 0x0000000003fca610 code [0x0000000003fca7c0, 0x0000000003fcada8]
Event: 3383.695 Thread 0x0000000017469000 7689       3       java.util.Calendar::getTimeZone (31 bytes)
Event: 3383.695 Thread 0x0000000017469000 nmethod 7689 0x0000000003fca050 code [0x0000000003fca1c0, 0x0000000003fca528]
Event: 3384.200 Thread 0x0000000017460800 7690       4       java.util.ArrayList::toArray (12 bytes)
Event: 3384.202 Thread 0x0000000017460800 nmethod 7690 0x0000000003fc9c10 code [0x0000000003fc9d60, 0x0000000003fc9f38]
Event: 3394.667 Thread 0x0000000017469000 7692       3       sun.util.locale.provider.TimeZoneNameUtility::retrieveDisplayNamesImpl (205 bytes)
Event: 3394.669 Thread 0x0000000017469000 nmethod 7692 0x0000000003fe95d0 code [0x0000000003fe98e0, 0x0000000003feb798]
Event: 3394.669 Thread 0x0000000017469000 7691       3       sun.util.locale.provider.TimeZoneNameUtility::retrieveDisplayName (32 bytes)
Event: 3394.669 Thread 0x0000000017469000 nmethod 7691 0x0000000003fc9650 code [0x0000000003fc97c0, 0x0000000003fc9ac8]
Event: 3407.825 Thread 0x0000000017460800 7693       4       org.apache.http.impl.client.ClientParamsStack::getParameter (95 bytes)

GC Heap History (10 events):
Event: 7.463 GC heap before
{Heap before GC invocations=11 (full 1):
 PSYoungGen      total 176128K, used 92924K [0x00000000d5580000, 0x00000000e4300000, 0x0000000100000000)
  eden space 167424K, 52% used [0x00000000d5580000,0x00000000daab0370,0x00000000df900000)
  from space 8704K, 65% used [0x00000000df900000,0x00000000dfe8ef18,0x00000000e0180000)
  to   space 8704K, 0% used [0x00000000e3a80000,0x00000000e3a80000,0x00000000e4300000)
 ParOldGen       total 59904K, used 11737K [0x0000000080000000, 0x0000000083a80000, 0x00000000d5580000)
  object space 59904K, 19% used [0x0000000080000000,0x0000000080b76440,0x0000000083a80000)
 Metaspace       used 33693K, capacity 35384K, committed 35496K, reserved 1079296K
  class space    used 4440K, capacity 4755K, committed 4864K, reserved 1048576K
Event: 7.483 GC heap after
Heap after GC invocations=11 (full 1):
 PSYoungGen      total 232960K, used 8690K [0x00000000d5580000, 0x00000000e4480000, 0x0000000100000000)
  eden space 224256K, 0% used [0x00000000d5580000,0x00000000d5580000,0x00000000e3080000)
  from space 8704K, 99% used [0x00000000e3a80000,0x00000000e42fc978,0x00000000e4300000)
  to   space 10240K, 0% used [0x00000000e3080000,0x00000000e3080000,0x00000000e3a80000)
 ParOldGen       total 59904K, used 13988K [0x0000000080000000, 0x0000000083a80000, 0x00000000d5580000)
  object space 59904K, 23% used [0x0000000080000000,0x0000000080da9310,0x0000000083a80000)
 Metaspace       used 33693K, capacity 35384K, committed 35496K, reserved 1079296K
  class space    used 4440K, capacity 4755K, committed 4864K, reserved 1048576K
}
Event: 7.483 GC heap before
{Heap before GC invocations=12 (full 2):
 PSYoungGen      total 232960K, used 8690K [0x00000000d5580000, 0x00000000e4480000, 0x0000000100000000)
  eden space 224256K, 0% used [0x00000000d5580000,0x00000000d5580000,0x00000000e3080000)
  from space 8704K, 99% used [0x00000000e3a80000,0x00000000e42fc978,0x00000000e4300000)
  to   space 10240K, 0% used [0x00000000e3080000,0x00000000e3080000,0x00000000e3a80000)
 ParOldGen       total 59904K, used 13988K [0x0000000080000000, 0x0000000083a80000, 0x00000000d5580000)
  object space 59904K, 23% used [0x0000000080000000,0x0000000080da9310,0x0000000083a80000)
 Metaspace       used 33693K, capacity 35384K, committed 35496K, reserved 1079296K
  class space    used 4440K, capacity 4755K, committed 4864K, reserved 1048576K
Event: 7.583 GC heap after
Heap after GC invocations=12 (full 2):
 PSYoungGen      total 232960K, used 0K [0x00000000d5580000, 0x00000000e4480000, 0x0000000100000000)
  eden space 224256K, 0% used [0x00000000d5580000,0x00000000d5580000,0x00000000e3080000)
  from space 8704K, 0% used [0x00000000e3a80000,0x00000000e3a80000,0x00000000e4300000)
  to   space 10240K, 0% used [0x00000000e3080000,0x00000000e3080000,0x00000000e3a80000)
 ParOldGen       total 90624K, used 16509K [0x0000000080000000, 0x0000000085880000, 0x00000000d5580000)
  object space 90624K, 18% used [0x0000000080000000,0x000000008101f628,0x0000000085880000)
 Metaspace       used 33693K, capacity 35384K, committed 35496K, reserved 1079296K
  class space    used 4440K, capacity 4755K, committed 4864K, reserved 1048576K
}
Event: 12.340 GC heap before
{Heap before GC invocations=13 (full 2):
 PSYoungGen      total 232960K, used 224256K [0x00000000d5580000, 0x00000000e4480000, 0x0000000100000000)
  eden space 224256K, 100% used [0x00000000d5580000,0x00000000e3080000,0x00000000e3080000)
  from space 8704K, 0% used [0x00000000e3a80000,0x00000000e3a80000,0x00000000e4300000)
  to   space 10240K, 0% used [0x00000000e3080000,0x00000000e3080000,0x00000000e3a80000)
 ParOldGen       total 90624K, used 16509K [0x0000000080000000, 0x0000000085880000, 0x00000000d5580000)
  object space 90624K, 18% used [0x0000000080000000,0x000000008101f628,0x0000000085880000)
 Metaspace       used 49487K, capacity 51868K, committed 52096K, reserved 1093632K
  class space    used 6829K, capacity 7263K, committed 7296K, reserved 1048576K
Event: 12.383 GC heap after
Heap after GC invocations=13 (full 2):
 PSYoungGen      total 234496K, used 10233K [0x00000000d5580000, 0x00000000e8a80000, 0x0000000100000000)
  eden space 224256K, 0% used [0x00000000d5580000,0x00000000d5580000,0x00000000e3080000)
  from space 10240K, 99% used [0x00000000e3080000,0x00000000e3a7e500,0x00000000e3a80000)
  to   space 15872K, 0% used [0x00000000e7b00000,0x00000000e7b00000,0x00000000e8a80000)
 ParOldGen       total 90624K, used 29240K [0x0000000080000000, 0x0000000085880000, 0x00000000d5580000)
  object space 90624K, 32% used [0x0000000080000000,0x0000000081c8e360,0x0000000085880000)
 Metaspace       used 49487K, capacity 51868K, committed 52096K, reserved 1093632K
  class space    used 6829K, capacity 7263K, committed 7296K, reserved 1048576K
}
Event: 3305.162 GC heap before
{Heap before GC invocations=14 (full 2):
 PSYoungGen      total 234496K, used 172322K [0x00000000d5580000, 0x00000000e8a80000, 0x0000000100000000)
  eden space 224256K, 72% used [0x00000000d5580000,0x00000000df3ca458,0x00000000e3080000)
  from space 10240K, 99% used [0x00000000e3080000,0x00000000e3a7e500,0x00000000e3a80000)
  to   space 15872K, 0% used [0x00000000e7b00000,0x00000000e7b00000,0x00000000e8a80000)
 ParOldGen       total 90624K, used 29240K [0x0000000080000000, 0x0000000085880000, 0x00000000d5580000)
  object space 90624K, 32% used [0x0000000080000000,0x0000000081c8e360,0x0000000085880000)
 Metaspace       used 56364K, capacity 59028K, committed 59160K, reserved 1099776K
  class space    used 7520K, capacity 7973K, committed 8064K, reserved 1048576K
Event: 3305.197 GC heap after
Heap after GC invocations=14 (full 2):
 PSYoungGen      total 282624K, used 6679K [0x00000000d5580000, 0x00000000e8200000, 0x0000000100000000)
  eden space 275456K, 0% used [0x00000000d5580000,0x00000000d5580000,0x00000000e6280000)
  from space 7168K, 93% used [0x00000000e7b00000,0x00000000e8185f60,0x00000000e8200000)
  to   space 15360K, 0% used [0x00000000e6400000,0x00000000e6400000,0x00000000e7300000)
 ParOldGen       total 90624K, used 38063K [0x0000000080000000, 0x0000000085880000, 0x00000000d5580000)
  object space 90624K, 42% used [0x0000000080000000,0x000000008252bda0,0x0000000085880000)
 Metaspace       used 56364K, capacity 59028K, committed 59160K, reserved 1099776K
  class space    used 7520K, capacity 7973K, committed 8064K, reserved 1048576K
}
Event: 3305.197 GC heap before
{Heap before GC invocations=15 (full 3):
 PSYoungGen      total 282624K, used 6679K [0x00000000d5580000, 0x00000000e8200000, 0x0000000100000000)
  eden space 275456K, 0% used [0x00000000d5580000,0x00000000d5580000,0x00000000e6280000)
  from space 7168K, 93% used [0x00000000e7b00000,0x00000000e8185f60,0x00000000e8200000)
  to   space 15360K, 0% used [0x00000000e6400000,0x00000000e6400000,0x00000000e7300000)
 ParOldGen       total 90624K, used 38063K [0x0000000080000000, 0x0000000085880000, 0x00000000d5580000)
  object space 90624K, 42% used [0x0000000080000000,0x000000008252bda0,0x0000000085880000)
 Metaspace       used 56364K, capacity 59028K, committed 59160K, reserved 1099776K
  class space    used 7520K, capacity 7973K, committed 8064K, reserved 1048576K
Event: 3305.353 GC heap after
Heap after GC invocations=15 (full 3):
 PSYoungGen      total 282624K, used 0K [0x00000000d5580000, 0x00000000e8200000, 0x0000000100000000)
  eden space 275456K, 0% used [0x00000000d5580000,0x00000000d5580000,0x00000000e6280000)
  from space 7168K, 0% used [0x00000000e7b00000,0x00000000e7b00000,0x00000000e8200000)
  to   space 15360K, 0% used [0x00000000e6400000,0x00000000e6400000,0x00000000e7300000)
 ParOldGen       total 122880K, used 20518K [0x0000000080000000, 0x0000000087800000, 0x00000000d5580000)
  object space 122880K, 16% used [0x0000000080000000,0x0000000081409ba0,0x0000000087800000)
 Metaspace       used 56133K, capacity 58660K, committed 59160K, reserved 1099776K
  class space    used 7484K, capacity 7907K, committed 8064K, reserved 1048576K
}

Deoptimization events (10 events):
Event: 1140.533 Thread 0x000000001d517000 Uncommon trap: reason=unstable_if action=reinterpret pc=0x0000000003935294 method=com.netflix.eureka.util.batcher.AcceptorExecutor$AcceptorRunner.drainInputQueues()V @ 124
Event: 1412.057 Thread 0x000000001d517000 Uncommon trap: reason=unstable_if action=reinterpret pc=0x0000000003bdbd60 method=com.netflix.eureka.util.batcher.AcceptorExecutor$AcceptorRunner.drainInputQueues()V @ 109
Event: 1412.057 Thread 0x000000001d517000 Uncommon trap: reason=unstable_if action=reinterpret pc=0x00000000038b27a8 method=com.netflix.eureka.util.batcher.AcceptorExecutor$AcceptorRunner.drainReprocessQueue()V @ 16
Event: 2373.956 Thread 0x000000001d4e4000 Uncommon trap: reason=unstable_if action=reinterpret pc=0x0000000003da7d20 method=java.util.concurrent.locks.ReentrantReadWriteLock$Sync.tryAcquireShared(I)I @ 60
Event: 3305.354 Thread 0x0000000017487000 Uncommon trap: reason=null_check action=make_not_entrant pc=0x0000000003472d04 method=java.lang.Class.reflectionData()Ljava/lang/Class$ReflectionData; @ 24
Event: 3305.354 Thread 0x0000000002a75800 Uncommon trap: reason=unstable_if action=reinterpret pc=0x00000000032181b8 method=java.lang.ref.Reference.tryHandlePending(Z)Z @ 20
Event: 3305.354 Thread 0x000000001d4e4800 Uncommon trap: reason=null_check action=make_not_entrant pc=0x000000000364a154 method=org.springframework.util.ConcurrentReferenceHashMap$SoftEntryReference.get()Lorg/springframework/util/ConcurrentReferenceHashMap$Entry; @ 4
Event: 3305.354 Thread 0x000000001d4e4800 Uncommon trap: reason=null_check action=make_not_entrant pc=0x000000000314f928 method=org.springframework.util.ConcurrentReferenceHashMap$SoftEntryReference.get()Lorg/springframework/util/ConcurrentReferenceHashMap$Entry; @ 4
Event: 3305.354 Thread 0x000000001d4e4800 Uncommon trap: reason=null_check action=make_not_entrant pc=0x0000000003109a64 method=org.springframework.util.ConcurrentReferenceHashMap$SoftEntryReference.get()Lorg/springframework/util/ConcurrentReferenceHashMap$Entry; @ 4
Event: 3305.355 Thread 0x000000001d4e4800 Uncommon trap: reason=unstable_if action=reinterpret pc=0x0000000002e18408 method=org.springframework.util.ConcurrentReferenceHashMap$Segment.restructureIfNecessary(Z)V @ 41

Classes redefined (0 events):
No events

Internal exceptions (10 events):
Event: 3317.810 Thread 0x000000001d523000 Exception <a 'java/net/SocketTimeoutException': Read timed out> (0x00000000d6de0698) thrown at [C:\re\workspace\8-2-build-windows-amd64-cygwin\jdk8u221\13320\hotspot\src\share\vm\prims\jni.cpp, line 736]
Event: 3323.661 Thread 0x000000001d524800 Exception <a 'java/net/SocketTimeoutException': Read timed out> (0x00000000d5b2f770) thrown at [C:\re\workspace\8-2-build-windows-amd64-cygwin\jdk8u221\13320\hotspot\src\share\vm\prims\jni.cpp, line 736]
Event: 3335.178 Thread 0x000000001d519000 Exception <a 'java/net/SocketTimeoutException': Read timed out> (0x00000000d6ec6190) thrown at [C:\re\workspace\8-2-build-windows-amd64-cygwin\jdk8u221\13320\hotspot\src\share\vm\prims\jni.cpp, line 736]
Event: 3347.809 Thread 0x000000001d523000 Exception <a 'java/net/SocketTimeoutException': Read timed out> (0x00000000d6deec08) thrown at [C:\re\workspace\8-2-build-windows-amd64-cygwin\jdk8u221\13320\hotspot\src\share\vm\prims\jni.cpp, line 736]
Event: 3354.193 Thread 0x000000001d519000 Exception <a 'java/net/SocketTimeoutException': Read timed out> (0x00000000d6ed45a0) thrown at [C:\re\workspace\8-2-build-windows-amd64-cygwin\jdk8u221\13320\hotspot\src\share\vm\prims\jni.cpp, line 736]
Event: 3365.172 Thread 0x000000001d519000 Exception <a 'java/net/SocketTimeoutException': Read timed out> (0x00000000d6edc880) thrown at [C:\re\workspace\8-2-build-windows-amd64-cygwin\jdk8u221\13320\hotspot\src\share\vm\prims\jni.cpp, line 736]
Event: 3377.817 Thread 0x000000001d523000 Exception <a 'java/net/SocketTimeoutException': Read timed out> (0x00000000d6df7148) thrown at [C:\re\workspace\8-2-build-windows-amd64-cygwin\jdk8u221\13320\hotspot\src\share\vm\prims\jni.cpp, line 736]
Event: 3384.200 Thread 0x000000001d517800 Exception <a 'java/net/SocketTimeoutException': Read timed out> (0x00000000d69652c0) thrown at [C:\re\workspace\8-2-build-windows-amd64-cygwin\jdk8u221\13320\hotspot\src\share\vm\prims\jni.cpp, line 736]
Event: 3395.173 Thread 0x000000001d519000 Exception <a 'java/net/SocketTimeoutException': Read timed out> (0x00000000d6ee4dc0) thrown at [C:\re\workspace\8-2-build-windows-amd64-cygwin\jdk8u221\13320\hotspot\src\share\vm\prims\jni.cpp, line 736]
Event: 3407.825 Thread 0x000000001d523000 Exception <a 'java/net/SocketTimeoutException': Read timed out> (0x00000000d6dff798) thrown at [C:\re\workspace\8-2-build-windows-amd64-cygwin\jdk8u221\13320\hotspot\src\share\vm\prims\jni.cpp, line 736]

Events (10 events):
Event: 3335.171 Thread 0x0000000017469000 flushing nmethod 0x00000000031ba650
Event: 3335.173 Thread 0x0000000017469000 flushing nmethod 0x0000000003438510
Event: 3335.174 Thread 0x0000000017469000 flushing nmethod 0x0000000003555350
Event: 3335.174 Thread 0x0000000017469000 flushing nmethod 0x0000000003699550
Event: 3335.174 Thread 0x0000000017469000 flushing nmethod 0x000000000372b090
Event: 3335.175 Thread 0x0000000017469000 flushing nmethod 0x00000000037f8750
Event: 3335.175 Thread 0x0000000017469000 flushing nmethod 0x0000000003859090
Event: 3335.175 Thread 0x0000000017469000 flushing nmethod 0x00000000039aca50
Event: 3335.176 Thread 0x0000000017469000 flushing nmethod 0x00000000039af010
Event: 3335.176 Thread 0x0000000017469000 flushing nmethod 0x00000000039c9750


Dynamic libraries:
0x00007ff734880000 - 0x00007ff7348b7000 	C:\Program Files\Java\jre1.8.0_221\bin\javaw.exe
0x00007ff9a1b30000 - 0x00007ff9a1d00000 	C:\windows\SYSTEM32\ntdll.dll
0x00007ff9a1880000 - 0x00007ff9a192c000 	C:\windows\System32\KERNEL32.DLL
0x00007ff99e920000 - 0x00007ff99eb3d000 	C:\windows\System32\KERNELBASE.dll
0x00007ff9a0d40000 - 0x00007ff9a0de2000 	C:\windows\System32\ADVAPI32.dll
0x00007ff9a1390000 - 0x00007ff9a142e000 	C:\windows\System32\msvcrt.dll
0x00007ff9a0c10000 - 0x00007ff9a0c69000 	C:\windows\System32\sechost.dll
0x00007ff99f0c0000 - 0x00007ff99f1e1000 	C:\windows\System32\RPCRT4.dll
0x00007ff9a1430000 - 0x00007ff9a1595000 	C:\windows\System32\USER32.dll
0x00007ff99e1d0000 - 0x00007ff99e1ee000 	C:\windows\System32\win32u.dll
0x00007ff9a17f0000 - 0x00007ff9a1824000 	C:\windows\System32\GDI32.dll
0x00007ff99ebf0000 - 0x00007ff99ed71000 	C:\windows\System32\gdi32full.dll
0x00007ff98c6f0000 - 0x00007ff98c96a000 	C:\windows\WinSxS\amd64_microsoft.windows.common-controls_6595b64144ccf1df_6.0.14393.3053_none_7de042968342015d\COMCTL32.dll
0x00007ff99f1f0000 - 0x00007ff99f4b5000 	C:\windows\System32\combase.dll
0x00007ff99ed80000 - 0x00007ff99ee74000 	C:\windows\System32\ucrtbase.dll
0x00007ff99ee80000 - 0x00007ff99eeea000 	C:\windows\System32\bcryptPrimitives.dll
0x00007ff9a1830000 - 0x00007ff9a185e000 	C:\windows\System32\IMM32.DLL
0x000000006c690000 - 0x000000006c762000 	C:\Program Files\Java\jre1.8.0_221\bin\msvcr100.dll
0x000000006c770000 - 0x000000006d015000 	C:\Program Files\Java\jre1.8.0_221\bin\server\jvm.dll
0x00007ff9a0e50000 - 0x00007ff9a0e58000 	C:\windows\System32\PSAPI.DLL
0x00007ff97d8a0000 - 0x00007ff97d8a9000 	C:\windows\SYSTEM32\WSOCK32.dll
0x00007ff9a1780000 - 0x00007ff9a17ea000 	C:\windows\System32\WS2_32.dll
0x00007ff99c2d0000 - 0x00007ff99c2f3000 	C:\windows\SYSTEM32\WINMM.dll
0x00007ff997100000 - 0x00007ff99710a000 	C:\windows\SYSTEM32\VERSION.dll
0x00007ff99c2a0000 - 0x00007ff99c2cb000 	C:\windows\SYSTEM32\WINMMBASE.dll
0x00007ff99e1f0000 - 0x00007ff99e232000 	C:\windows\System32\cfgmgr32.dll
0x00007ff97d890000 - 0x00007ff97d89f000 	C:\Program Files\Java\jre1.8.0_221\bin\verify.dll
0x00007ff97d860000 - 0x00007ff97d889000 	C:\Program Files\Java\jre1.8.0_221\bin\java.dll
0x00007ff97d810000 - 0x00007ff97d826000 	C:\Program Files\Java\jre1.8.0_221\bin\zip.dll
0x00007ff99f700000 - 0x00007ff9a0c05000 	C:\windows\System32\SHELL32.dll
0x00007ff99e240000 - 0x00007ff99e91a000 	C:\windows\System32\windows.storage.dll
0x00007ff99dfb0000 - 0x00007ff99dffc000 	C:\windows\System32\powrprof.dll
0x00007ff9a0df0000 - 0x00007ff9a0e42000 	C:\windows\System32\shlwapi.dll
0x00007ff99e000000 - 0x00007ff99e00f000 	C:\windows\System32\kernel.appcore.dll
0x00007ff99eb40000 - 0x00007ff99ebe9000 	C:\windows\System32\shcore.dll
0x00007ff99df90000 - 0x00007ff99dfa4000 	C:\windows\System32\profapi.dll
0x00007ff97d780000 - 0x00007ff97d79a000 	C:\Program Files\Java\jre1.8.0_221\bin\net.dll
0x00007ff9930e0000 - 0x00007ff9932a2000 	C:\windows\SYSTEM32\urlmon.dll
0x00007ff997390000 - 0x00007ff997640000 	C:\windows\SYSTEM32\iertutil.dll
0x00007ff99d860000 - 0x00007ff99d8bc000 	C:\windows\system32\mswsock.dll
0x00007ff99d5e0000 - 0x00007ff99d618000 	C:\windows\SYSTEM32\IPHLPAPI.DLL
0x00007ff99f690000 - 0x00007ff99f698000 	C:\windows\System32\NSI.dll
0x00007ff99a360000 - 0x00007ff99a376000 	C:\windows\SYSTEM32\dhcpcsvc6.DLL
0x00007ff99a330000 - 0x00007ff99a34a000 	C:\windows\SYSTEM32\dhcpcsvc.DLL
0x00007ff99d620000 - 0x00007ff99d6c2000 	C:\windows\SYSTEM32\DNSAPI.dll
0x00007ff997640000 - 0x00007ff99764a000 	C:\Windows\System32\rasadhlp.dll
0x00007ff99a380000 - 0x00007ff99a3ea000 	C:\windows\System32\fwpuclnt.dll
0x00007ff99dee0000 - 0x00007ff99df0b000 	C:\windows\SYSTEM32\bcrypt.dll
0x00007ff999cb0000 - 0x00007ff999cbd000 	C:\Program Files\Java\jre1.8.0_221\bin\management.dll
0x00007ff990830000 - 0x00007ff990846000 	C:\windows\system32\napinsp.dll
0x00007ff9907f0000 - 0x00007ff9907fe000 	C:\windows\System32\winrnr.dll
0x00007ff99b500000 - 0x00007ff99b518000 	C:\windows\system32\NLAapi.dll
0x00007ff97d760000 - 0x00007ff97d772000 	C:\Program Files\Java\jre1.8.0_221\bin\nio.dll
0x00007ff99da10000 - 0x00007ff99da27000 	C:\windows\SYSTEM32\CRYPTSP.dll
0x00007ff99d460000 - 0x00007ff99d493000 	C:\windows\system32\rsaenh.dll
0x00007ff99d6e0000 - 0x00007ff99d6ff000 	C:\windows\SYSTEM32\USERENV.dll
0x00007ff99da00000 - 0x00007ff99da0b000 	C:\windows\SYSTEM32\CRYPTBASE.dll
0x00007ff97ceb0000 - 0x00007ff97ced4000 	C:\Program Files\Java\jre1.8.0_221\bin\sunec.dll

VM Arguments:
jvm_args: -Dfile.encoding=UTF-8 
java_command: com.eatza.eurekaserver.EurekaserverApplication
java_class_path (initial): C:\Users\vmadmin\Desktop\eurekaserver\target\classes;C:\Users\vmadmin\.m2\repository\org\springframework\cloud\spring-cloud-starter-netflix-eureka-server\2.2.3.RELEASE\spring-cloud-starter-netflix-eureka-server-2.2.3.RELEASE.jar;C:\Users\vmadmin\.m2\repository\org\springframework\cloud\spring-cloud-starter\2.2.3.RELEASE\spring-cloud-starter-2.2.3.RELEASE.jar;C:\Users\vmadmin\.m2\repository\org\springframework\cloud\spring-cloud-context\2.2.3.RELEASE\spring-cloud-context-2.2.3.RELEASE.jar;C:\Users\vmadmin\.m2\repository\org\springframework\security\spring-security-crypto\5.3.3.RELEASE\spring-security-crypto-5.3.3.RELEASE.jar;C:\Users\vmadmin\.m2\repository\org\springframework\cloud\spring-cloud-commons\2.2.3.RELEASE\spring-cloud-commons-2.2.3.RELEASE.jar;C:\Users\vmadmin\.m2\repository\org\springframework\security\spring-security-rsa\1.0.9.RELEASE\spring-security-rsa-1.0.9.RELEASE.jar;C:\Users\vmadmin\.m2\repository\org\bouncycastle\bcpkix-jdk15on\1.64\bcpkix-jdk15on-1.64.jar;C:\Users\vmadmin\.m2\repository\org\bouncycastle\bcprov-jdk15on\1.64\bcprov-jdk15on-1.64.jar;C:\Users\vmadmin\.m2\repository\org\springframework\cloud\spring-cloud-netflix-eureka-server\2.2.3.RELEASE\spring-cloud-netflix-eureka-server-2.2.3.RELEASE.jar;C:\Users\vmadmin\.m2\repository\org\springframework\boot\spring-boot-starter-web\2.3.1.RELEASE\spring-boot-starter-web-2.3.1.RELEASE.jar;C:\Users\vmadmin\.m2\repository\org\springframework\boot\spring-boot-starter-json\2.3.1.RELEASE\spring-boot-starter-json-2.3.1.RELEASE.jar;C:\Users\vmadmin\.m2\repository\com\fasterxml\jackson\datatype\jackson-datatype-jdk8\2.11.0\jackson-datatype-jdk8-2.11.0.jar;C:\Users\vmadmin\.m2\repository\com\fasterxml\jackson\datatype\jackson-datatype-jsr310\2.11.0\jackson-datatype-jsr310-2.11.0.jar;C:\Users\vmadmin\.m2\repository\com\fasterxml\jackson\module\jackson-module-parameter-names\2.11.0\jackson-module-parameter-names-2.11.0.jar;C:\Users\vmadmin\.m2\repository\org\springframework\boot\
Launcher Type: SUN_STANDARD

Environment Variables:
JAVA_HOME=C:\Program Files\Java\jdk1.8.0_221
PATH=C:/Program Files/Java/jre1.8.0_221/bin/server;C:/Program Files/Java/jre1.8.0_221/bin;C:/Program Files/Java/jre1.8.0_221/lib/amd64;C:\Program Files (x86)\Common Files\Oracle\Java\javapath;C:\windows\system32;C:\windows;C:\windows\System32\Wbem;C:\windows\System32\WindowsPowerShell\v1.0\;C:\Program Files\Java\jdk1.8.0_221\bin;C:\Program Files\Java\jre1.8.0_221\bin;C:\Program Files\Git\cmd;C:\Program Files\nodejs\;C:\Program Files\Microsoft VS Code\bin;C:\Users\vmadmin\kafka\kafka_2.12-2.5.0\bin\windows;C:\Users\vmadmin\AppData\Local\Microsoft\WindowsApps;;C:\eclipse-jee-2019-06-R-win32-x86_64\eclipse;
USERNAME=vmadmin
OS=Windows_NT
PROCESSOR_IDENTIFIER=Intel64 Family 6 Model 85 Stepping 4, GenuineIntel



---------------  S Y S T E M  ---------------

OS: Windows 10.0 , 64 bit Build 14393 (10.0.14393.2969)

CPU:total 2 (initial active 2) (2 cores per cpu, 1 threads per core) family 6 model 85 stepping 4, cmov, cx8, fxsr, mmx, sse, sse2, sse3, ssse3, sse4.1, sse4.2, popcnt, avx, avx2, aes, clmul, erms, rtm, 3dnowpref, lzcnt, tsc, bmi1, bmi2, adx

Memory: 4k page, physical 8388148k(960588k free), swap 10485160k(1720k free)

vm_info: Java HotSpot(TM) 64-Bit Server VM (25.221-b11) for windows-amd64 JRE (1.8.0_221-b11), built on Jul  4 2019 04:39:29 by "java_re" with MS VC++ 10.0 (VS2010)

time: Tue Jul 07 12:39:06 2020
timezone: Coordinated Universal Time
elapsed time: 3408 seconds (0d 0h 56m 48s)

