#
# There is insufficient memory for the Java Runtime Environment to continue.
# Native memory allocation (malloc) failed to allocate 1736352 bytes for Chunk::new
# Possible reasons:
#   The system is out of physical RAM or swap space
#   The process is running with CompressedOops enabled, and the Java Heap may be blocking the growth of the native heap
# Possible solutions:
#   Reduce memory load on the system
#   Increase physical memory or swap space
#   Check if swap backing store is full
#   Decrease Java heap size (-Xmx/-Xms)
#   Decrease number of Java threads
#   Decrease Java thread stack sizes (-Xss)
#   Set larger code cache with -XX:ReservedCodeCacheSize=
#   JVM is running with Unscaled Compressed Oops mode in which the Java heap is
#     placed in the first 4GB address space. The Java Heap base address is the
#     maximum limit for the native heap growth. Please use -XX:HeapBaseMinAddress
#     to set the Java Heap base and to place the Java Heap above 4GB virtual address.
# This output file may be truncated or incomplete.
#
#  Out of Memory Error (allocation.cpp:389), pid=4248, tid=0x0000000000001af0
#
# JRE version: Java(TM) SE Runtime Environment (8.0_221-b11) (build 1.8.0_221-b11)
# Java VM: Java HotSpot(TM) 64-Bit Server VM (25.221-b11 mixed mode windows-amd64 compressed oops)
# Core dump written. Default location: C:\Users\vmadmin\Desktop\spring-boot-301-restaurant-project-master (1)\spring-boot-301-restaurant-project-master\restaurantsearchservice\hs_err_pid4248.mdmp
#

---------------  T H R E A D  ---------------

Current thread (0x0000000017415800):  JavaThread "C2 CompilerThread0" daemon [_thread_in_native, id=6896, stack(0x0000000018440000,0x0000000018540000)]

Stack: [0x0000000018440000,0x0000000018540000]
[error occurred during error reporting (printing stack bounds), id 0xc0000005]

Native frames: (J=compiled Java code, j=interpreted, Vv=VM code, C=native code)


Current CompileTask:
C2:  40287 3229       4       java.net.URLClassLoader$1::run (5 bytes)


---------------  P R O C E S S  ---------------

Java Threads: ( => current thread )
  0x0000000017468800 JavaThread "Service Thread" daemon [_thread_blocked, id=6436, stack(0x0000000018640000,0x0000000018740000)]
  0x000000001741b000 JavaThread "C1 CompilerThread1" daemon [_thread_in_vm, id=8000, stack(0x0000000018540000,0x0000000018640000)]
=>0x0000000017415800 JavaThread "C2 CompilerThread0" daemon [_thread_in_native, id=6896, stack(0x0000000018440000,0x0000000018540000)]
  0x0000000017412000 JavaThread "Attach Listener" daemon [_thread_blocked, id=1748, stack(0x0000000018340000,0x0000000018440000)]
  0x000000001740f000 JavaThread "Signal Dispatcher" daemon [_thread_blocked, id=5140, stack(0x0000000018240000,0x0000000018340000)]
  0x00000000173f8000 JavaThread "Finalizer" daemon [_thread_blocked, id=7160, stack(0x0000000018050000,0x0000000018150000)]
  0x0000000002a26000 JavaThread "Reference Handler" daemon [_thread_blocked, id=3520, stack(0x0000000017f50000,0x0000000018050000)]
  0x0000000002938000 JavaThread "main" [_thread_in_vm_trans, id=6932, stack(0x00000000027c0000,0x00000000028c0000)]

Other Threads:
  0x00000000173d6800 VMThread [stack: 0x0000000017e50000,0x0000000017f50000] [id=7272]
  0x000000001749d000 WatcherThread [stack: 0x0000000018740000,0x0000000018840000] [id=7708]

VM state:not at safepoint (normal execution)

VM Mutex/Monitor currently owned by a thread:  ([mutex/lock_event])
[0x0000000002937130] CompiledIC_lock - owner thread: 0x000000001741b000

heap address: 0x0000000080000000, size: 2048 MB, Compressed Oops mode: 32-bit
Narrow klass base: 0x0000000000000000, Narrow klass shift: 3
Compressed class space size: 1073741824 Address: 0x0000000100000000

Heap:
 PSYoungGen      total 71680K, used 22751K [0x00000000d5580000, 0x00000000da080000, 0x0000000100000000)
  eden space 66560K, 26% used [0x00000000d5580000,0x00000000d66b7f58,0x00000000d9680000)
  from space 5120K, 100% used [0x00000000d9680000,0x00000000d9b80000,0x00000000d9b80000)
  to   space 5120K, 0% used [0x00000000d9b80000,0x00000000d9b80000,0x00000000da080000)
 ParOldGen       total 58880K, used 19719K [0x0000000080000000, 0x0000000083980000, 0x00000000d5580000)
  object space 58880K, 33% used [0x0000000080000000,0x0000000081341ec0,0x0000000083980000)
 Metaspace       used 32991K, capacity 34252K, committed 34304K, reserved 1079296K
  class space    used 4328K, capacity 4607K, committed 4608K, reserved 1048576K

Card table byte_map: [0x0000000011df0000,0x0000000012200000] byte_map_base: 0x00000000119f0000

Marking Bits: (ParMarkBitMap*) 0x0000000057ff5ce0
 Begin Bits: [0x00000000126b0000, 0x00000000146b0000)
 End Bits:   [0x00000000146b0000, 0x00000000166b0000)

Polling page: 0x0000000000e20000

CodeCache: size=245760Kb used=10531Kb max_used=10881Kb free=235228Kb
 bounds [0x0000000002a30000, 0x00000000034e0000, 0x0000000011a30000]
 total_blobs=3640 nmethods=3187 adapters=366
 compilation: enabled

Compilation events (10 events):
Event: 24.665 Thread 0x000000001741b000 3409       2       java.lang.Class::getDeclaredMethod (67 bytes)
Event: 24.672 Thread 0x000000001741b000 nmethod 3409 0x00000000034c4750 code [0x00000000034c4940, 0x00000000034c4e58]
Event: 24.673 Thread 0x000000001741b000 3410       2       org.springframework.cglib.core.CollectionUtils::bucket (94 bytes)
Event: 24.673 Thread 0x000000001741b000 nmethod 3410 0x00000000034c5210 code [0x00000000034c5400, 0x00000000034c58e8]
Event: 24.673 Thread 0x000000001741b000 3411       2       org.springframework.cglib.core.TypeUtils::emulateClassGetName (24 bytes)
Event: 24.673 Thread 0x000000001741b000 nmethod 3411 0x00000000034c5c90 code [0x00000000034c5e00, 0x00000000034c5fe8]
Event: 24.702 Thread 0x000000001741b000 3413       2       java.lang.Class::searchFields (41 bytes)
Event: 24.702 Thread 0x000000001741b000 nmethod 3413 0x00000000034c64d0 code [0x00000000034c6680, 0x00000000034c6a08]
Event: 24.714 Thread 0x000000001741b000 3414       2       org.springframework.cglib.core.CodeEmitter::ifnull (12 bytes)
Event: 24.714 Thread 0x000000001741b000 nmethod 3414 0x00000000034c6d10 code [0x00000000034c6e80, 0x00000000034c7008]

GC Heap History (10 events):
Event: 10.739 GC heap before
{Heap before GC invocations=6 (full 1):
 PSYoungGen      total 71680K, used 5112K [0x00000000d5580000, 0x00000000da080000, 0x0000000100000000)
  eden space 66560K, 0% used [0x00000000d5580000,0x00000000d5580000,0x00000000d9680000)
  from space 5120K, 99% used [0x00000000d9680000,0x00000000d9b7e090,0x00000000d9b80000)
  to   space 5120K, 0% used [0x00000000d9b80000,0x00000000d9b80000,0x00000000da080000)
 ParOldGen       total 87552K, used 4511K [0x0000000080000000, 0x0000000085580000, 0x00000000d5580000)
  object space 87552K, 5% used [0x0000000080000000,0x0000000080467d88,0x0000000085580000)
 Metaspace       used 20574K, capacity 21150K, committed 21296K, reserved 1067008K
  class space    used 2682K, capacity 2838K, committed 2944K, reserved 1048576K
Event: 10.896 GC heap after
Heap after GC invocations=6 (full 1):
 PSYoungGen      total 71680K, used 0K [0x00000000d5580000, 0x00000000da080000, 0x0000000100000000)
  eden space 66560K, 0% used [0x00000000d5580000,0x00000000d5580000,0x00000000d9680000)
  from space 5120K, 0% used [0x00000000d9680000,0x00000000d9680000,0x00000000d9b80000)
  to   space 5120K, 0% used [0x00000000d9b80000,0x00000000d9b80000,0x00000000da080000)
 ParOldGen       total 58880K, used 8192K [0x0000000080000000, 0x0000000083980000, 0x00000000d5580000)
  object space 58880K, 13% used [0x0000000080000000,0x0000000080800120,0x0000000083980000)
 Metaspace       used 20574K, capacity 21150K, committed 21296K, reserved 1067008K
  class space    used 2682K, capacity 2838K, committed 2944K, reserved 1048576K
}
Event: 16.295 GC heap before
{Heap before GC invocations=7 (full 1):
 PSYoungGen      total 71680K, used 66560K [0x00000000d5580000, 0x00000000da080000, 0x0000000100000000)
  eden space 66560K, 100% used [0x00000000d5580000,0x00000000d9680000,0x00000000d9680000)
  from space 5120K, 0% used [0x00000000d9680000,0x00000000d9680000,0x00000000d9b80000)
  to   space 5120K, 0% used [0x00000000d9b80000,0x00000000d9b80000,0x00000000da080000)
 ParOldGen       total 58880K, used 8192K [0x0000000080000000, 0x0000000083980000, 0x00000000d5580000)
  object space 58880K, 13% used [0x0000000080000000,0x0000000080800120,0x0000000083980000)
 Metaspace       used 26067K, capacity 26980K, committed 27264K, reserved 1073152K
  class space    used 3427K, capacity 3645K, committed 3712K, reserved 1048576K
Event: 16.317 GC heap after
Heap after GC invocations=7 (full 1):
 PSYoungGen      total 71680K, used 5093K [0x00000000d5580000, 0x00000000da080000, 0x0000000100000000)
  eden space 66560K, 0% used [0x00000000d5580000,0x00000000d5580000,0x00000000d9680000)
  from space 5120K, 99% used [0x00000000d9b80000,0x00000000da079770,0x00000000da080000)
  to   space 5120K, 0% used [0x00000000d9680000,0x00000000d9680000,0x00000000d9b80000)
 ParOldGen       total 58880K, used 8576K [0x0000000080000000, 0x0000000083980000, 0x00000000d5580000)
  object space 58880K, 14% used [0x0000000080000000,0x00000000808602c8,0x0000000083980000)
 Metaspace       used 26067K, capacity 26980K, committed 27264K, reserved 1073152K
  class space    used 3427K, capacity 3645K, committed 3712K, reserved 1048576K
}
Event: 19.307 GC heap before
{Heap before GC invocations=8 (full 1):
 PSYoungGen      total 71680K, used 71653K [0x00000000d5580000, 0x00000000da080000, 0x0000000100000000)
  eden space 66560K, 99% used [0x00000000d5580000,0x00000000d967ff58,0x00000000d9680000)
  from space 5120K, 99% used [0x00000000d9b80000,0x00000000da079770,0x00000000da080000)
  to   space 5120K, 0% used [0x00000000d9680000,0x00000000d9680000,0x00000000d9b80000)
 ParOldGen       total 58880K, used 8576K [0x0000000080000000, 0x0000000083980000, 0x00000000d5580000)
  object space 58880K, 14% used [0x0000000080000000,0x00000000808602c8,0x0000000083980000)
 Metaspace       used 27469K, capacity 28480K, committed 28672K, reserved 1075200K
  class space    used 3591K, capacity 3827K, committed 3840K, reserved 1048576K
Event: 19.407 GC heap after
Heap after GC invocations=8 (full 1):
 PSYoungGen      total 71680K, used 5100K [0x00000000d5580000, 0x00000000da080000, 0x0000000100000000)
  eden space 66560K, 0% used [0x00000000d5580000,0x00000000d5580000,0x00000000d9680000)
  from space 5120K, 99% used [0x00000000d9680000,0x00000000d9b7b020,0x00000000d9b80000)
  to   space 5120K, 0% used [0x00000000d9b80000,0x00000000d9b80000,0x00000000da080000)
 ParOldGen       total 58880K, used 11062K [0x0000000080000000, 0x0000000083980000, 0x00000000d5580000)
  object space 58880K, 18% used [0x0000000080000000,0x0000000080acdbe0,0x0000000083980000)
 Metaspace       used 27469K, capacity 28480K, committed 28672K, reserved 1075200K
  class space    used 3591K, capacity 3827K, committed 3840K, reserved 1048576K
}
Event: 20.490 GC heap before
{Heap before GC invocations=9 (full 1):
 PSYoungGen      total 71680K, used 71660K [0x00000000d5580000, 0x00000000da080000, 0x0000000100000000)
  eden space 66560K, 100% used [0x00000000d5580000,0x00000000d9680000,0x00000000d9680000)
  from space 5120K, 99% used [0x00000000d9680000,0x00000000d9b7b020,0x00000000d9b80000)
  to   space 5120K, 0% used [0x00000000d9b80000,0x00000000d9b80000,0x00000000da080000)
 ParOldGen       total 58880K, used 11062K [0x0000000080000000, 0x0000000083980000, 0x00000000d5580000)
  object space 58880K, 18% used [0x0000000080000000,0x0000000080acdbe0,0x0000000083980000)
 Metaspace       used 28904K, capacity 29880K, committed 30208K, reserved 1075200K
  class space    used 3778K, capacity 4005K, committed 4096K, reserved 1048576K
Event: 20.536 GC heap after
Heap after GC invocations=9 (full 1):
 PSYoungGen      total 71680K, used 5104K [0x00000000d5580000, 0x00000000da080000, 0x0000000100000000)
  eden space 66560K, 0% used [0x00000000d5580000,0x00000000d5580000,0x00000000d9680000)
  from space 5120K, 99% used [0x00000000d9b80000,0x00000000da07c030,0x00000000da080000)
  to   space 5120K, 0% used [0x00000000d9680000,0x00000000d9680000,0x00000000d9b80000)
 ParOldGen       total 58880K, used 14059K [0x0000000080000000, 0x0000000083980000, 0x00000000d5580000)
  object space 58880K, 23% used [0x0000000080000000,0x0000000080dbaf58,0x0000000083980000)
 Metaspace       used 28904K, capacity 29880K, committed 30208K, reserved 1075200K
  class space    used 3778K, capacity 4005K, committed 4096K, reserved 1048576K
}
Event: 23.845 GC heap before
{Heap before GC invocations=10 (full 1):
 PSYoungGen      total 71680K, used 71664K [0x00000000d5580000, 0x00000000da080000, 0x0000000100000000)
  eden space 66560K, 100% used [0x00000000d5580000,0x00000000d9680000,0x00000000d9680000)
  from space 5120K, 99% used [0x00000000d9b80000,0x00000000da07c030,0x00000000da080000)
  to   space 5120K, 0% used [0x00000000d9680000,0x00000000d9680000,0x00000000d9b80000)
 ParOldGen       total 58880K, used 14059K [0x0000000080000000, 0x0000000083980000, 0x00000000d5580000)
  object space 58880K, 23% used [0x0000000080000000,0x0000000080dbaf58,0x0000000083980000)
 Metaspace       used 31988K, capacity 33308K, committed 33536K, reserved 1079296K
  class space    used 4233K, capacity 4509K, committed 4608K, reserved 1048576K
Event: 23.979 GC heap after
Heap after GC invocations=10 (full 1):
 PSYoungGen      total 71680K, used 5120K [0x00000000d5580000, 0x00000000da080000, 0x0000000100000000)
  eden space 66560K, 0% used [0x00000000d5580000,0x00000000d5580000,0x00000000d9680000)
  from space 5120K, 100% used [0x00000000d9680000,0x00000000d9b80000,0x00000000d9b80000)
  to   space 5120K, 0% used [0x00000000d9b80000,0x00000000d9b80000,0x00000000da080000)
 ParOldGen       total 58880K, used 19719K [0x0000000080000000, 0x0000000083980000, 0x00000000d5580000)
  object space 58880K, 33% used [0x0000000080000000,0x0000000081341ec0,0x0000000083980000)
 Metaspace       used 31988K, capacity 33308K, committed 33536K, reserved 1079296K
  class space    used 4233K, capacity 4509K, committed 4608K, reserved 1048576K
}

Deoptimization events (10 events):
Event: 22.892 Thread 0x0000000002938000 Uncommon trap: reason=bimorphic action=maybe_recompile pc=0x000000000337ef20 method=org.springframework.util.StringUtils.collectionToDelimitedString(Ljava/util/Collection;Ljava/lang/String;Ljava/lang/String;Ljava/lang/String;)Ljava/lang/String; @ 20
Event: 22.951 Thread 0x0000000002938000 Uncommon trap: reason=unstable_if action=reinterpret pc=0x0000000003361184 method=sun.reflect.annotation.AnnotationType.invocationHandlerReturnType(Ljava/lang/Class;)Ljava/lang/Class; @ 14
Event: 23.136 Thread 0x0000000002938000 Uncommon trap: reason=class_check action=maybe_recompile pc=0x0000000002c1f20c method=org.springframework.util.ConcurrentReferenceHashMap$Segment.findInChain(Lorg/springframework/util/ConcurrentReferenceHashMap$Reference;Ljava/lang/Object;I)Lorg/springfra
Event: 23.138 Thread 0x0000000002938000 Uncommon trap: reason=class_check action=maybe_recompile pc=0x000000000336eaa4 method=org.springframework.util.ConcurrentReferenceHashMap$Segment.findInChain(Lorg/springframework/util/ConcurrentReferenceHashMap$Reference;Ljava/lang/Object;I)Lorg/springfra
Event: 23.254 Thread 0x0000000002938000 Uncommon trap: reason=class_check action=maybe_recompile pc=0x000000000336eaa4 method=org.springframework.util.ConcurrentReferenceHashMap$Segment.findInChain(Lorg/springframework/util/ConcurrentReferenceHashMap$Reference;Ljava/lang/Object;I)Lorg/springfra
Event: 23.264 Thread 0x0000000002938000 Uncommon trap: reason=class_check action=maybe_recompile pc=0x000000000336eaa4 method=org.springframework.util.ConcurrentReferenceHashMap$Segment.findInChain(Lorg/springframework/util/ConcurrentReferenceHashMap$Reference;Ljava/lang/Object;I)Lorg/springfra
Event: 23.527 Thread 0x0000000002938000 Uncommon trap: reason=bimorphic action=maybe_recompile pc=0x000000000337ef20 method=org.springframework.util.StringUtils.collectionToDelimitedString(Ljava/util/Collection;Ljava/lang/String;Ljava/lang/String;Ljava/lang/String;)Ljava/lang/String; @ 20
Event: 23.641 Thread 0x0000000002938000 Uncommon trap: reason=bimorphic action=maybe_recompile pc=0x000000000337ef20 method=org.springframework.util.StringUtils.collectionToDelimitedString(Ljava/util/Collection;Ljava/lang/String;Ljava/lang/String;Ljava/lang/String;)Ljava/lang/String; @ 20
Event: 24.277 Thread 0x0000000002938000 Uncommon trap: reason=bimorphic action=maybe_recompile pc=0x0000000003334b84 method=org.springframework.asm.ClassReader.readCode(Lorg/springframework/asm/MethodVisitor;Lorg/springframework/asm/Context;I)V @ 4255
Event: 24.692 Thread 0x0000000002938000 Uncommon trap: reason=bimorphic action=maybe_recompile pc=0x0000000003334b84 method=org.springframework.asm.ClassReader.readCode(Lorg/springframework/asm/MethodVisitor;Lorg/springframework/asm/Context;I)V @ 4255

Classes redefined (0 events):
No events

Internal exceptions (10 events):
Event: 16.939 Thread 0x0000000002938000 Exception <a 'java/lang/ClassNotFoundException': org/springframework/beans/factory/AwareCustomizer> (0x00000000d5e45b00) thrown at [C:\re\workspace\8-2-build-windows-amd64-cygwin\jdk8u221\13320\hotspot\src\share\vm\classfile\systemDictionary.cpp, line 210
Event: 16.939 Thread 0x0000000002938000 Exception <a 'java/lang/ClassNotFoundException': org/springframework/beans/factory/BeanClassLoaderAwareCustomizer> (0x00000000d5e6bfa8) thrown at [C:\re\workspace\8-2-build-windows-amd64-cygwin\jdk8u221\13320\hotspot\src\share\vm\classfile\systemDictionar
Event: 16.946 Thread 0x0000000002938000 Exception <a 'java/lang/ClassNotFoundException': org/springframework/beans/factory/AwareCustomizer> (0x00000000d5e8c7f0) thrown at [C:\re\workspace\8-2-build-windows-amd64-cygwin\jdk8u221\13320\hotspot\src\share\vm\classfile\systemDictionary.cpp, line 210
Event: 16.946 Thread 0x0000000002938000 Exception <a 'java/lang/ClassNotFoundException': org/springframework/context/EnvironmentAwareCustomizer> (0x00000000d5eae290) thrown at [C:\re\workspace\8-2-build-windows-amd64-cygwin\jdk8u221\13320\hotspot\src\share\vm\classfile\systemDictionary.cpp, lin
Event: 16.947 Thread 0x0000000002938000 Exception <a 'java/lang/ClassNotFoundException': org/springframework/beans/factory/AwareCustomizer> (0x00000000d5ecea10) thrown at [C:\re\workspace\8-2-build-windows-amd64-cygwin\jdk8u221\13320\hotspot\src\share\vm\classfile\systemDictionary.cpp, line 210
Event: 16.967 Thread 0x0000000002938000 Exception <a 'java/lang/NoSuchMethodError': java.lang.Object.lambda$comparing$77a9974f$1(Ljava/util/function/Function;Ljava/lang/Object;Ljava/lang/Object;)I> (0x00000000d5f31c00) thrown at [C:\re\workspace\8-2-build-windows-amd64-cygwin\jdk8u221\13320\hot
Event: 19.662 Thread 0x0000000002938000 Exception <a 'java/lang/IncompatibleClassChangeError': Found class java.lang.Object, but interface was expected> (0x00000000d76fe558) thrown at [C:\re\workspace\8-2-build-windows-amd64-cygwin\jdk8u221\13320\hotspot\src\share\vm\interpreter\linkResolver.cp
Event: 23.319 Thread 0x0000000002938000 Exception <a 'java/lang/NoSuchMethodError': java.lang.Object.lambda$andThen$1(Ljava/util/function/Function;Ljava/lang/Object;)Ljava/lang/Object;> (0x00000000d85b9af0) thrown at [C:\re\workspace\8-2-build-windows-amd64-cygwin\jdk8u221\13320\hotspot\src\sha
Event: 23.319 Thread 0x0000000002938000 Exception <a 'java/lang/NoSuchMethodError': java.lang.Object.lambda$of$0([Ljava/lang/Object;)Ljava/util/Iterator;> (0x00000000d85bd9d8) thrown at [C:\re\workspace\8-2-build-windows-amd64-cygwin\jdk8u221\13320\hotspot\src\share\vm\interpreter\linkResolver.
Event: 23.319 Thread 0x0000000002938000 Exception <a 'java/lang/NoSuchMethodError': java.lang.Object.lambda$and$4(Ljava/util/function/Supplier;)Ljava/util/stream/Stream;> (0x00000000d85c0d68) thrown at [C:\re\workspace\8-2-build-windows-amd64-cygwin\jdk8u221\13320\hotspot\src\share\vm\interpret

Events (10 events):
Event: 24.613 loading class org/springframework/scheduling/annotation/SchedulingConfigurer done
Event: 24.614 loading class java/util/concurrent/ScheduledExecutorService
Event: 24.614 loading class java/util/concurrent/ScheduledExecutorService done
Event: 24.615 loading class org/springframework/jdbc/datasource/DataSourceTransactionManager
Event: 24.615 loading class org/springframework/jdbc/datasource/DataSourceTransactionManager done
Event: 24.622 loading class org/springframework/transaction/support/ResourceTransactionManager
Event: 24.622 loading class org/springframework/transaction/support/ResourceTransactionManager done
Event: 24.692 Thread 0x0000000002938000 Uncommon trap: trap_request=0xffffffc6 fr.pc=0x0000000003334b84
Event: 24.692 Thread 0x0000000002938000 DEOPT PACKING pc=0x0000000003334b84 sp=0x00000000028be180
Event: 24.692 Thread 0x0000000002938000 DEOPT UNPACKING pc=0x0000000002a7557b sp=0x00000000028be100 mode 2


Dynamic libraries:
0x00007ff6a81f0000 - 0x00007ff6a8227000 	C:\Program Files\Java\jre1.8.0_221\bin\javaw.exe
0x00007ff951970000 - 0x00007ff951b40000 	C:\windows\SYSTEM32\ntdll.dll
0x00007ff94fcf0000 - 0x00007ff94fd9c000 	C:\windows\System32\KERNEL32.DLL
0x00007ff94eb90000 - 0x00007ff94edad000 	C:\windows\System32\KERNELBASE.dll
0x00007ff94ffe0000 - 0x00007ff950082000 	C:\windows\System32\ADVAPI32.dll
0x00007ff94ff40000 - 0x00007ff94ffde000 	C:\windows\System32\msvcrt.dll
0x00007ff94fee0000 - 0x00007ff94ff39000 	C:\windows\System32\sechost.dll
0x00007ff94f960000 - 0x00007ff94fa81000 	C:\windows\System32\RPCRT4.dll
0x00007ff951700000 - 0x00007ff951865000 	C:\windows\System32\USER32.dll
0x00007ff94de60000 - 0x00007ff94de7e000 	C:\windows\System32\win32u.dll
0x00007ff951930000 - 0x00007ff951964000 	C:\windows\System32\GDI32.dll
0x00007ff94df30000 - 0x00007ff94e0b1000 	C:\windows\System32\gdi32full.dll
0x00007ff93bca0000 - 0x00007ff93bf1a000 	C:\windows\WinSxS\amd64_microsoft.windows.common-controls_6595b64144ccf1df_6.0.14393.3053_none_7de042968342015d\COMCTL32.dll
0x00007ff94f580000 - 0x00007ff94f845000 	C:\windows\System32\combase.dll
0x00007ff94ea90000 - 0x00007ff94eb84000 	C:\windows\System32\ucrtbase.dll
0x00007ff94ea20000 - 0x00007ff94ea8a000 	C:\windows\System32\bcryptPrimitives.dll
0x00007ff94f550000 - 0x00007ff94f57e000 	C:\windows\System32\IMM32.DLL
0x00000000576f0000 - 0x00000000577c2000 	C:\Program Files\Java\jre1.8.0_221\bin\msvcr100.dll
0x00000000577d0000 - 0x0000000058075000 	C:\Program Files\Java\jre1.8.0_221\bin\server\jvm.dll
0x00007ff9516f0000 - 0x00007ff9516f8000 	C:\windows\System32\PSAPI.DLL
0x00007ff92d750000 - 0x00007ff92d759000 	C:\windows\SYSTEM32\WSOCK32.dll
0x00007ff950090000 - 0x00007ff9500fa000 	C:\windows\System32\WS2_32.dll
0x00007ff94c1d0000 - 0x00007ff94c1f3000 	C:\windows\SYSTEM32\WINMM.dll
0x00007ff946440000 - 0x00007ff94644a000 	C:\windows\SYSTEM32\VERSION.dll
0x00007ff94c1a0000 - 0x00007ff94c1cb000 	C:\windows\SYSTEM32\WINMMBASE.dll
0x00007ff94eeb0000 - 0x00007ff94eef2000 	C:\windows\System32\cfgmgr32.dll
0x00007ff92d740000 - 0x00007ff92d74f000 	C:\Program Files\Java\jre1.8.0_221\bin\verify.dll
0x00007ff92cfb0000 - 0x00007ff92cfd9000 	C:\Program Files\Java\jre1.8.0_221\bin\java.dll
0x00007ff92cf60000 - 0x00007ff92cf76000 	C:\Program Files\Java\jre1.8.0_221\bin\zip.dll
0x00007ff950160000 - 0x00007ff951665000 	C:\windows\System32\SHELL32.dll
0x00007ff94e290000 - 0x00007ff94e96a000 	C:\windows\System32\windows.storage.dll
0x00007ff94ddd0000 - 0x00007ff94de1c000 	C:\windows\System32\powrprof.dll
0x00007ff94fbf0000 - 0x00007ff94fc42000 	C:\windows\System32\shlwapi.dll
0x00007ff94de50000 - 0x00007ff94de5f000 	C:\windows\System32\kernel.appcore.dll
0x00007ff94de80000 - 0x00007ff94df29000 	C:\windows\System32\shcore.dll
0x00007ff94de20000 - 0x00007ff94de34000 	C:\windows\System32\profapi.dll
0x00007ff92cf40000 - 0x00007ff92cf5a000 	C:\Program Files\Java\jre1.8.0_221\bin\net.dll
0x00007ff942e40000 - 0x00007ff943002000 	C:\windows\SYSTEM32\urlmon.dll
0x00007ff947280000 - 0x00007ff947530000 	C:\windows\SYSTEM32\iertutil.dll
0x00007ff94d6a0000 - 0x00007ff94d6fc000 	C:\windows\system32\mswsock.dll
0x00007ff94d420000 - 0x00007ff94d458000 	C:\windows\SYSTEM32\IPHLPAPI.DLL
0x00007ff94f950000 - 0x00007ff94f958000 	C:\windows\System32\NSI.dll
0x00007ff949e70000 - 0x00007ff949e86000 	C:\windows\SYSTEM32\dhcpcsvc6.DLL
0x00007ff949e50000 - 0x00007ff949e6a000 	C:\windows\SYSTEM32\dhcpcsvc.DLL
0x00007ff94d460000 - 0x00007ff94d502000 	C:\windows\SYSTEM32\DNSAPI.dll
0x00007ff947250000 - 0x00007ff94725a000 	C:\Windows\System32\rasadhlp.dll
0x00007ff949ec0000 - 0x00007ff949f2a000 	C:\windows\System32\fwpuclnt.dll
0x00007ff94dd20000 - 0x00007ff94dd4b000 	C:\windows\SYSTEM32\bcrypt.dll
0x00007ff941dc0000 - 0x00007ff941dcd000 	C:\Program Files\Java\jre1.8.0_221\bin\management.dll
0x00007ff941e20000 - 0x00007ff941e36000 	C:\windows\system32\napinsp.dll
0x00007ff941e10000 - 0x00007ff941e1e000 	C:\windows\System32\winrnr.dll
0x00007ff94ad60000 - 0x00007ff94ad78000 	C:\windows\system32\NLAapi.dll
0x00007ff92cf20000 - 0x00007ff92cf32000 	C:\Program Files\Java\jre1.8.0_221\bin\nio.dll
0x00007ff944d80000 - 0x00007ff944f12000 	C:\windows\system32\DBGHELP.DLL
0x00007ff944bf0000 - 0x00007ff944c19000 	C:\windows\SYSTEM32\dbgcore.DLL

VM Arguments:
jvm_args: -Dfile.encoding=UTF-8 
java_command: com.eatza.restaurantsearch.RestaurantsearchserviceApplication
java_class_path (initial): C:\Users\vmadmin\Desktop\spring-boot-301-restaurant-project-master (1)\spring-boot-301-restaurant-project-master\restaurantsearchservice\target\classes;C:\Users\vmadmin\.m2\repository\org\springframework\cloud\spring-cloud-starter-netflix-eureka-client\2.1.1.RELEASE\spring-cloud-starter-netflix-eureka-client-2.1.1.RELEASE.jar;C:\Users\vmadmin\.m2\repository\org\springframework\cloud\spring-cloud-starter\2.1.1.RELEASE\spring-cloud-starter-2.1.1.RELEASE.jar;C:\Users\vmadmin\.m2\repository\org\springframework\cloud\spring-cloud-context\2.1.1.RELEASE\spring-cloud-context-2.1.1.RELEASE.jar;C:\Users\vmadmin\.m2\repository\org\springframework\security\spring-security-crypto\5.1.6.RELEASE\spring-security-crypto-5.1.6.RELEASE.jar;C:\Users\vmadmin\.m2\repository\org\springframework\cloud\spring-cloud-commons\2.1.1.RELEASE\spring-cloud-commons-2.1.1.RELEASE.jar;C:\Users\vmadmin\.m2\repository\org\springframework\security\spring-security-rsa\1.0.7.RELEASE\spring-security-rsa-1.0.7.RELEASE.jar;C:\Users\vmadmin\.m2\repository\org\bouncycastle\bcpkix-jdk15on\1.60\bcpkix-jdk15on-1.60.jar;C:\Users\vmadmin\.m2\repository\org\bouncycastle\bcprov-jdk15on\1.60\bcprov-jdk15on-1.60.jar;C:\Users\vmadmin\.m2\repository\org\springframework\cloud\spring-cloud-netflix-hystrix\2.1.1.RELEASE\spring-cloud-netflix-hystrix-2.1.1.RELEASE.jar;C:\Users\vmadmin\.m2\repository\org\springframework\boot\spring-boot-autoconfigure\2.1.7.RELEASE\spring-boot-autoconfigure-2.1.7.RELEASE.jar;C:\Users\vmadmin\.m2\repository\org\springframework\cloud\spring-cloud-netflix-eureka-client\2.1.1.RELEASE\spring-cloud-netflix-eureka-client-2.1.1.RELEASE.jar;C:\Users\vmadmin\.m2\repository\com\netflix\eureka\eureka-client\1.9.8\eureka-client-1.9.8.jar;C:\Users\vmadmin\.m2\repository\org\codehaus\jettison\jettison\1.3.7\jettison-1.3.7.jar;C:\Users\vmadmin\.m2\repository\stax\stax-api\1.0.1\stax-api-1.0.1.jar;C:\Users\vmadmin\.m2\repository\com\netflix\netflix-commons\netflix-eventbus\0.3.0\net
Launcher Type: SUN_STANDARD

Environment Variables:
JAVA_HOME=C:\Program Files\Java\jdk1.8.0_221
PATH=C:/Program Files/Java/jre1.8.0_221/bin/server;C:/Program Files/Java/jre1.8.0_221/bin;C:/Program Files/Java/jre1.8.0_221/lib/amd64;C:\Program Files (x86)\Common Files\Oracle\Java\javapath;C:\windows\system32;C:\windows;C:\windows\System32\Wbem;C:\windows\System32\WindowsPowerShell\v1.0\;C:\Program Files\Java\jdk1.8.0_221\bin;C:\Program Files\Java\jre1.8.0_221\bin;C:\Program Files\Git\cmd;C:\Program Files\nodejs\;C:\Program Files\Microsoft VS Code\bin;C:\Users\vmadmin\kafka\kafka_2.12-2.5.0\bin\windows;C:\Users\vmadmin\AppData\Local\Microsoft\WindowsApps;;C:\eclipse-jee-2019-06-R-win32-x86_64\eclipse;
USERNAME=vmadmin
OS=Windows_NT
PROCESSOR_IDENTIFIER=Intel64 Family 6 Model 79 Stepping 1, GenuineIntel



---------------  S Y S T E M  ---------------

OS: Windows 10.0 , 64 bit Build 14393 (10.0.14393.2969)

CPU:total 2 (initial active 2) (2 cores per cpu, 1 threads per core) family 6 model 79 stepping 1, cmov, cx8, fxsr, mmx, sse, sse2, sse3, ssse3, sse4.1, sse4.2, popcnt, avx, avx2, aes, clmul, erms, rtm, 3dnowpref, lzcnt, tsc, bmi1, bmi2, adx

Memory: 4k page, physical 8388148k(1045924k free), swap 10485160k(125812k free)

vm_info: Java HotSpot(TM) 64-Bit Server VM (25.221-b11) for windows-amd64 JRE (1.8.0_221-b11), built on Jul  4 2019 04:39:29 by "java_re" with MS VC++ 10.0 (VS2010)

time: Tue Jul 07 11:30:44 2020
timezone: Coordinated Universal Time
elapsed time: 40 seconds (0d 0h 0m 40s)

