#
# There is insufficient memory for the Java Runtime Environment to continue.
# Native memory allocation (malloc) failed to allocate 32744 bytes for ChunkPool::allocate
# Possible reasons:
#   The system is out of physical RAM or swap space
#   The process is running with CompressedOops enabled, and the Java Heap may be blocking the growth of the native heap
# Possible solutions:
#   Reduce memory load on the system
#   Increase physical memory or swap space
#   Check if swap backing store is full
#   Decrease Java heap size (-Xmx/-Xms)
#   Decrease number of Java threads
#   Decrease Java thread stack sizes (-Xss)
#   Set larger code cache with -XX:ReservedCodeCacheSize=
#   JVM is running with Unscaled Compressed Oops mode in which the Java heap is
#     placed in the first 4GB address space. The Java Heap base address is the
#     maximum limit for the native heap growth. Please use -XX:HeapBaseMinAddress
#     to set the Java Heap base and to place the Java Heap above 4GB virtual address.
# This output file may be truncated or incomplete.
#
#  Out of Memory Error (allocation.cpp:272), pid=5796, tid=0x0000000000001cac
#
# JRE version: Java(TM) SE Runtime Environment (8.0_221-b11) (build 1.8.0_221-b11)
# Java VM: Java HotSpot(TM) 64-Bit Server VM (25.221-b11 mixed mode windows-amd64 compressed oops)
# Failed to write core dump. 
#

---------------  T H R E A D  ---------------

Current thread (0x0000000017458000):  JavaThread "C2 CompilerThread0" daemon [_thread_in_native, id=7340, stack(0x0000000018480000,0x0000000018580000)]

Stack: [0x0000000018480000,0x0000000018580000]
[error occurred during error reporting (printing stack bounds), id 0xc0000005]

Native frames: (J=compiled Java code, j=interpreted, Vv=VM code, C=native code)


Current CompileTask:
C2:  14125 2091       4       java.net.URLClassLoader$1::run (5 bytes)


---------------  P R O C E S S  ---------------

Java Threads: ( => current thread )
  0x00000000174e1000 JavaThread "Service Thread" daemon [_thread_blocked, id=2188, stack(0x0000000018680000,0x0000000018780000)]
  0x00000000174b2000 JavaThread "C1 CompilerThread1" daemon [_thread_blocked, id=6400, stack(0x0000000018580000,0x0000000018680000)]
=>0x0000000017458000 JavaThread "C2 CompilerThread0" daemon [_thread_in_native, id=7340, stack(0x0000000018480000,0x0000000018580000)]
  0x0000000017455000 JavaThread "Attach Listener" daemon [_thread_blocked, id=5452, stack(0x0000000018380000,0x0000000018480000)]
  0x0000000017452000 JavaThread "Signal Dispatcher" daemon [_thread_blocked, id=6148, stack(0x0000000018280000,0x0000000018380000)]
  0x0000000017438000 JavaThread "Finalizer" daemon [_thread_blocked, id=7944, stack(0x0000000018090000,0x0000000018190000)]
  0x0000000002a66000 JavaThread "Reference Handler" daemon [_thread_blocked, id=3772, stack(0x0000000017f90000,0x0000000018090000)]
  0x0000000002978000 JavaThread "main" [_thread_in_native, id=3760, stack(0x0000000002870000,0x0000000002970000)]

Other Threads:
  0x0000000017416800 VMThread [stack: 0x0000000017e90000,0x0000000017f90000] [id=7240]
  0x00000000174ed800 WatcherThread [stack: 0x0000000018b80000,0x0000000018c80000] [id=2680]

VM state:not at safepoint (normal execution)

VM Mutex/Monitor currently owned by a thread: None

heap address: 0x0000000080000000, size: 2048 MB, Compressed Oops mode: 32-bit
Narrow klass base: 0x0000000000000000, Narrow klass shift: 3
Compressed class space size: 1073741824 Address: 0x0000000100000000

Heap:
 PSYoungGen      total 71680K, used 60605K [0x00000000d5580000, 0x00000000da080000, 0x0000000100000000)
  eden space 66560K, 91% used [0x00000000d5580000,0x00000000d90af598,0x00000000d9680000)
  from space 5120K, 0% used [0x00000000d9680000,0x00000000d9680000,0x00000000d9b80000)
  to   space 5120K, 0% used [0x00000000d9b80000,0x00000000d9b80000,0x00000000da080000)
 ParOldGen       total 70144K, used 9208K [0x0000000080000000, 0x0000000084480000, 0x00000000d5580000)
  object space 70144K, 13% used [0x0000000080000000,0x00000000808fe218,0x0000000084480000)
 Metaspace       used 25841K, capacity 26782K, committed 27008K, reserved 1073152K
  class space    used 3416K, capacity 3644K, committed 3712K, reserved 1048576K

Card table byte_map: [0x0000000011e30000,0x0000000012240000] byte_map_base: 0x0000000011a30000

Marking Bits: (ParMarkBitMap*) 0x0000000057ff5ce0
 Begin Bits: [0x00000000126f0000, 0x00000000146f0000)
 End Bits:   [0x00000000146f0000, 0x00000000166f0000)

Polling page: 0x00000000007d0000

CodeCache: size=245760Kb used=6692Kb max_used=6885Kb free=239067Kb
 bounds [0x0000000002a70000, 0x0000000003130000, 0x0000000011a70000]
 total_blobs=2415 nmethods=2021 adapters=307
 compilation: enabled

Compilation events (10 events):
Event: 13.316 Thread 0x00000000174b2000 2128       1       com.fasterxml.jackson.databind.JavaType::hashCode (5 bytes)
Event: 13.317 Thread 0x00000000174b2000 nmethod 2128 0x0000000002bd2f50 code [0x0000000002bd30a0, 0x0000000002bd31b0]
Event: 13.317 Thread 0x00000000174b2000 2127       1       com.fasterxml.jackson.databind.introspect.AnnotationCollector$NoAnnotations::get (2 bytes)
Event: 13.317 Thread 0x00000000174b2000 nmethod 2127 0x0000000003121bd0 code [0x0000000003121d20, 0x0000000003121e30]
Event: 13.317 Thread 0x00000000174b2000 2130       1       com.fasterxml.jackson.databind.DeserializationContext::getConfig (5 bytes)
Event: 13.317 Thread 0x00000000174b2000 nmethod 2130 0x0000000002b89250 code [0x0000000002b893a0, 0x0000000002b894b0]
Event: 13.348 Thread 0x00000000174b2000 2132       1       java.lang.reflect.WeakCache$CacheKey::hashCode (5 bytes)
Event: 13.355 Thread 0x00000000174b2000 nmethod 2132 0x0000000002b87a50 code [0x0000000002b87ba0, 0x0000000002b87cb0]
Event: 13.365 Thread 0x00000000174b2000 2134       3       java.lang.invoke.BoundMethodHandle::<init> (32 bytes)
Event: 13.365 Thread 0x00000000174b2000 nmethod 2134 0x0000000002ba3150 code [0x0000000002ba32e0, 0x0000000002ba36f8]

GC Heap History (10 events):
Event: 4.752 GC heap before
{Heap before GC invocations=2 (full 0):
 PSYoungGen      total 38400K, used 37126K [0x00000000d5580000, 0x00000000d8000000, 0x0000000100000000)
  eden space 33280K, 100% used [0x00000000d5580000,0x00000000d7600000,0x00000000d7600000)
  from space 5120K, 75% used [0x00000000d7600000,0x00000000d79c1b38,0x00000000d7b00000)
  to   space 5120K, 0% used [0x00000000d7b00000,0x00000000d7b00000,0x00000000d8000000)
 ParOldGen       total 87552K, used 8K [0x0000000080000000, 0x0000000085580000, 0x00000000d5580000)
  object space 87552K, 0% used [0x0000000080000000,0x0000000080002000,0x0000000085580000)
 Metaspace       used 11334K, capacity 11688K, committed 11776K, reserved 1058816K
  class space    used 1393K, capacity 1521K, committed 1536K, reserved 1048576K
Event: 4.780 GC heap after
Heap after GC invocations=2 (full 0):
 PSYoungGen      total 38400K, used 4633K [0x00000000d5580000, 0x00000000da080000, 0x0000000100000000)
  eden space 33280K, 0% used [0x00000000d5580000,0x00000000d5580000,0x00000000d7600000)
  from space 5120K, 90% used [0x00000000d7b00000,0x00000000d7f86468,0x00000000d8000000)
  to   space 5120K, 0% used [0x00000000d7600000,0x00000000d7600000,0x00000000d7b00000)
 ParOldGen       total 87552K, used 16K [0x0000000080000000, 0x0000000085580000, 0x00000000d5580000)
  object space 87552K, 0% used [0x0000000080000000,0x0000000080004000,0x0000000085580000)
 Metaspace       used 11334K, capacity 11688K, committed 11776K, reserved 1058816K
  class space    used 1393K, capacity 1521K, committed 1536K, reserved 1048576K
}
Event: 5.433 GC heap before
{Heap before GC invocations=3 (full 0):
 PSYoungGen      total 38400K, used 37913K [0x00000000d5580000, 0x00000000da080000, 0x0000000100000000)
  eden space 33280K, 100% used [0x00000000d5580000,0x00000000d7600000,0x00000000d7600000)
  from space 5120K, 90% used [0x00000000d7b00000,0x00000000d7f86468,0x00000000d8000000)
  to   space 5120K, 0% used [0x00000000d7600000,0x00000000d7600000,0x00000000d7b00000)
 ParOldGen       total 87552K, used 16K [0x0000000080000000, 0x0000000085580000, 0x00000000d5580000)
  object space 87552K, 0% used [0x0000000080000000,0x0000000080004000,0x0000000085580000)
 Metaspace       used 12715K, capacity 13136K, committed 13312K, reserved 1060864K
  class space    used 1662K, capacity 1777K, committed 1792K, reserved 1048576K
Event: 5.471 GC heap after
Heap after GC invocations=3 (full 0):
 PSYoungGen      total 38400K, used 4206K [0x00000000d5580000, 0x00000000da080000, 0x0000000100000000)
  eden space 33280K, 0% used [0x00000000d5580000,0x00000000d5580000,0x00000000d7600000)
  from space 5120K, 82% used [0x00000000d7600000,0x00000000d7a1b800,0x00000000d7b00000)
  to   space 5120K, 0% used [0x00000000d9b80000,0x00000000d9b80000,0x00000000da080000)
 ParOldGen       total 87552K, used 24K [0x0000000080000000, 0x0000000085580000, 0x00000000d5580000)
  object space 87552K, 0% used [0x0000000080000000,0x0000000080006000,0x0000000085580000)
 Metaspace       used 12715K, capacity 13136K, committed 13312K, reserved 1060864K
  class space    used 1662K, capacity 1777K, committed 1792K, reserved 1048576K
}
Event: 6.921 GC heap before
{Heap before GC invocations=4 (full 0):
 PSYoungGen      total 38400K, used 37486K [0x00000000d5580000, 0x00000000da080000, 0x0000000100000000)
  eden space 33280K, 100% used [0x00000000d5580000,0x00000000d7600000,0x00000000d7600000)
  from space 5120K, 82% used [0x00000000d7600000,0x00000000d7a1b800,0x00000000d7b00000)
  to   space 5120K, 0% used [0x00000000d9b80000,0x00000000d9b80000,0x00000000da080000)
 ParOldGen       total 87552K, used 24K [0x0000000080000000, 0x0000000085580000, 0x00000000d5580000)
  object space 87552K, 0% used [0x0000000080000000,0x0000000080006000,0x0000000085580000)
 Metaspace       used 14728K, capacity 15200K, committed 15488K, reserved 1062912K
  class space    used 1965K, capacity 2129K, committed 2176K, reserved 1048576K
Event: 6.962 GC heap after
Heap after GC invocations=4 (full 0):
 PSYoungGen      total 71680K, used 5103K [0x00000000d5580000, 0x00000000da080000, 0x0000000100000000)
  eden space 66560K, 0% used [0x00000000d5580000,0x00000000d5580000,0x00000000d9680000)
  from space 5120K, 99% used [0x00000000d9b80000,0x00000000da07be98,0x00000000da080000)
  to   space 5120K, 0% used [0x00000000d9680000,0x00000000d9680000,0x00000000d9b80000)
 ParOldGen       total 87552K, used 454K [0x0000000080000000, 0x0000000085580000, 0x00000000d5580000)
  object space 87552K, 0% used [0x0000000080000000,0x00000000800719f0,0x0000000085580000)
 Metaspace       used 14728K, capacity 15200K, committed 15488K, reserved 1062912K
  class space    used 1965K, capacity 2129K, committed 2176K, reserved 1048576K
}
Event: 8.948 GC heap before
{Heap before GC invocations=5 (full 0):
 PSYoungGen      total 71680K, used 63382K [0x00000000d5580000, 0x00000000da080000, 0x0000000100000000)
  eden space 66560K, 87% used [0x00000000d5580000,0x00000000d8e69aa8,0x00000000d9680000)
  from space 5120K, 99% used [0x00000000d9b80000,0x00000000da07be98,0x00000000da080000)
  to   space 5120K, 0% used [0x00000000d9680000,0x00000000d9680000,0x00000000d9b80000)
 ParOldGen       total 87552K, used 454K [0x0000000080000000, 0x0000000085580000, 0x00000000d5580000)
  object space 87552K, 0% used [0x0000000080000000,0x00000000800719f0,0x0000000085580000)
 Metaspace       used 20672K, capacity 21206K, committed 21296K, reserved 1067008K
  class space    used 2727K, capacity 2896K, committed 2944K, reserved 1048576K
Event: 8.987 GC heap after
Heap after GC invocations=5 (full 0):
 PSYoungGen      total 71680K, used 5099K [0x00000000d5580000, 0x00000000da080000, 0x0000000100000000)
  eden space 66560K, 0% used [0x00000000d5580000,0x00000000d5580000,0x00000000d9680000)
  from space 5120K, 99% used [0x00000000d9680000,0x00000000d9b7af30,0x00000000d9b80000)
  to   space 5120K, 0% used [0x00000000d9b80000,0x00000000d9b80000,0x00000000da080000)
 ParOldGen       total 87552K, used 4802K [0x0000000080000000, 0x0000000085580000, 0x00000000d5580000)
  object space 87552K, 5% used [0x0000000080000000,0x00000000804b09e0,0x0000000085580000)
 Metaspace       used 20672K, capacity 21206K, committed 21296K, reserved 1067008K
  class space    used 2727K, capacity 2896K, committed 2944K, reserved 1048576K
}
Event: 8.987 GC heap before
{Heap before GC invocations=6 (full 1):
 PSYoungGen      total 71680K, used 5099K [0x00000000d5580000, 0x00000000da080000, 0x0000000100000000)
  eden space 66560K, 0% used [0x00000000d5580000,0x00000000d5580000,0x00000000d9680000)
  from space 5120K, 99% used [0x00000000d9680000,0x00000000d9b7af30,0x00000000d9b80000)
  to   space 5120K, 0% used [0x00000000d9b80000,0x00000000d9b80000,0x00000000da080000)
 ParOldGen       total 87552K, used 4802K [0x0000000080000000, 0x0000000085580000, 0x00000000d5580000)
  object space 87552K, 5% used [0x0000000080000000,0x00000000804b09e0,0x0000000085580000)
 Metaspace       used 20672K, capacity 21206K, committed 21296K, reserved 1067008K
  class space    used 2727K, capacity 2896K, committed 2944K, reserved 1048576K
Event: 9.593 GC heap after
Heap after GC invocations=6 (full 1):
 PSYoungGen      total 71680K, used 0K [0x00000000d5580000, 0x00000000da080000, 0x0000000100000000)
  eden space 66560K, 0% used [0x00000000d5580000,0x00000000d5580000,0x00000000d9680000)
  from space 5120K, 0% used [0x00000000d9680000,0x00000000d9680000,0x00000000d9b80000)
  to   space 5120K, 0% used [0x00000000d9b80000,0x00000000d9b80000,0x00000000da080000)
 ParOldGen       total 70144K, used 9208K [0x0000000080000000, 0x0000000084480000, 0x00000000d5580000)
  object space 70144K, 13% used [0x0000000080000000,0x00000000808fe218,0x0000000084480000)
 Metaspace       used 20672K, capacity 21206K, committed 21296K, reserved 1067008K
  class space    used 2727K, capacity 2896K, committed 2944K, reserved 1048576K
}

Deoptimization events (10 events):
Event: 10.946 Thread 0x0000000019395000 Uncommon trap: reason=unstable_if action=reinterpret pc=0x0000000002fd7aa8 method=com.sun.org.apache.xerces.internal.util.SymbolTable.addSymbol([CII)Ljava/lang/String; @ 38
Event: 12.156 Thread 0x0000000002978000 Uncommon trap: reason=unstable_if action=reinterpret pc=0x0000000002d82294 method=org.springframework.util.ConcurrentReferenceHashMap$Segment.clear()V @ 4
Event: 12.644 Thread 0x0000000002978000 Uncommon trap: reason=unstable_if action=reinterpret pc=0x0000000002e72b48 method=java.net.URL.<init>(Ljava/net/URL;Ljava/lang/String;Ljava/net/URLStreamHandler;)V @ 347
Event: 12.843 Thread 0x0000000002978000 Uncommon trap: reason=unstable_if action=reinterpret pc=0x0000000002ec3278 method=sun.net.util.IPAddressUtil.scan(Ljava/lang/String;JJ[C)I @ 14
Event: 13.011 Thread 0x0000000002978000 Uncommon trap: reason=unstable_if action=reinterpret pc=0x0000000002b7e7b8 method=sun.net.util.IPAddressUtil.scan(Ljava/lang/String;JJ[C)I @ 14
Event: 13.204 Thread 0x0000000002978000 Uncommon trap: reason=class_check action=maybe_recompile pc=0x000000000306d590 method=java.util.concurrent.ConcurrentHashMap.putVal(Ljava/lang/Object;Ljava/lang/Object;Z)Ljava/lang/Object; @ 192
Event: 13.204 Thread 0x0000000002978000 Uncommon trap: reason=class_check action=maybe_recompile pc=0x000000000306d590 method=java.util.concurrent.ConcurrentHashMap.putVal(Ljava/lang/Object;Ljava/lang/Object;Z)Ljava/lang/Object; @ 192
Event: 13.205 Thread 0x0000000002978000 Uncommon trap: reason=class_check action=maybe_recompile pc=0x000000000306d590 method=java.util.concurrent.ConcurrentHashMap.putVal(Ljava/lang/Object;Ljava/lang/Object;Z)Ljava/lang/Object; @ 192
Event: 13.224 Thread 0x0000000002978000 Uncommon trap: reason=unstable_if action=reinterpret pc=0x000000000304d0d0 method=java.util.concurrent.ConcurrentHashMap.get(Ljava/lang/Object;)Ljava/lang/Object; @ 76
Event: 13.271 Thread 0x0000000002978000 Uncommon trap: reason=class_check action=maybe_recompile pc=0x000000000306d590 method=java.util.concurrent.ConcurrentHashMap.putVal(Ljava/lang/Object;Ljava/lang/Object;Z)Ljava/lang/Object; @ 192

Classes redefined (0 events):
No events

Internal exceptions (10 events):
Event: 8.533 Thread 0x0000000002978000 Exception <a 'java/lang/ClassNotFoundException': org/springframework/core/OrderedCustomizer> (0x00000000d861fa58) thrown at [C:\re\workspace\8-2-build-windows-amd64-cygwin\jdk8u221\13320\hotspot\src\share\vm\classfile\systemDictionary.cpp, line 210]
Event: 8.534 Thread 0x0000000002978000 Exception <a 'java/lang/ClassNotFoundException': org/springframework/context/ResourceLoaderAwareCustomizer> (0x00000000d86435d8) thrown at [C:\re\workspace\8-2-build-windows-amd64-cygwin\jdk8u221\13320\hotspot\src\share\vm\classfile\systemDictionary.cpp, 
Event: 8.534 Thread 0x0000000002978000 Exception <a 'java/lang/ClassNotFoundException': org/springframework/beans/factory/AwareCustomizer> (0x00000000d8663e18) thrown at [C:\re\workspace\8-2-build-windows-amd64-cygwin\jdk8u221\13320\hotspot\src\share\vm\classfile\systemDictionary.cpp, line 210
Event: 8.535 Thread 0x0000000002978000 Exception <a 'java/lang/ClassNotFoundException': org/springframework/beans/factory/BeanClassLoaderAwareCustomizer> (0x00000000d868a470) thrown at [C:\re\workspace\8-2-build-windows-amd64-cygwin\jdk8u221\13320\hotspot\src\share\vm\classfile\systemDictionar
Event: 8.542 Thread 0x0000000002978000 Exception <a 'java/lang/ClassNotFoundException': org/springframework/beans/factory/AwareCustomizer> (0x00000000d86aacc8) thrown at [C:\re\workspace\8-2-build-windows-amd64-cygwin\jdk8u221\13320\hotspot\src\share\vm\classfile\systemDictionary.cpp, line 210
Event: 8.543 Thread 0x0000000002978000 Exception <a 'java/lang/ClassNotFoundException': org/springframework/context/EnvironmentAwareCustomizer> (0x00000000d86cc828) thrown at [C:\re\workspace\8-2-build-windows-amd64-cygwin\jdk8u221\13320\hotspot\src\share\vm\classfile\systemDictionary.cpp, lin
Event: 8.543 Thread 0x0000000002978000 Exception <a 'java/lang/ClassNotFoundException': org/springframework/beans/factory/AwareCustomizer> (0x00000000d86ecf60) thrown at [C:\re\workspace\8-2-build-windows-amd64-cygwin\jdk8u221\13320\hotspot\src\share\vm\classfile\systemDictionary.cpp, line 210
Event: 11.423 Thread 0x0000000002978000 Exception <a 'java/lang/NoSuchMethodError': org.slf4j.impl.StaticMDCBinder.getSingleton()Lorg/slf4j/impl/StaticMDCBinder;> (0x00000000d7480468) thrown at [C:\re\workspace\8-2-build-windows-amd64-cygwin\jdk8u221\13320\hotspot\src\share\vm\interpreter\linkR
Event: 12.739 Thread 0x0000000002978000 Exception <a 'java/lang/ClassNotFoundException': java/lang/ObjectCustomizer> (0x00000000d81e11e0) thrown at [C:\re\workspace\8-2-build-windows-amd64-cygwin\jdk8u221\13320\hotspot\src\share\vm\classfile\systemDictionary.cpp, line 210]
Event: 12.740 Thread 0x0000000002978000 Exception <a 'java/lang/ClassNotFoundException': org/springframework/cloud/config/client/ConfigClientPropertiesCustomizer> (0x00000000d820ea50) thrown at [C:\re\workspace\8-2-build-windows-amd64-cygwin\jdk8u221\13320\hotspot\src\share\vm\classfile\systemD

Events (10 events):
Event: 13.379 loading class sun/net/www/protocol/http/AuthCacheValue done
Event: 13.379 loading class sun/net/www/protocol/http/AuthenticationInfo done
Event: 13.379 loading class sun/net/www/protocol/http/AuthCacheImpl
Event: 13.379 loading class sun/net/www/protocol/http/AuthCache
Event: 13.379 loading class sun/net/www/protocol/http/AuthCache done
Event: 13.379 loading class sun/net/www/protocol/http/AuthCacheImpl done
Event: 13.380 loading class java/net/Socket$2
Event: 13.380 loading class java/net/Socket$2 done
Event: 13.380 loading class java/net/SocketInputStream
Event: 13.380 loading class java/net/SocketInputStream done


Dynamic libraries:
0x00007ff6a81f0000 - 0x00007ff6a8227000 	C:\Program Files\Java\jre1.8.0_221\bin\javaw.exe
0x00007ff951970000 - 0x00007ff951b40000 	C:\windows\SYSTEM32\ntdll.dll
0x00007ff94fcf0000 - 0x00007ff94fd9c000 	C:\windows\System32\KERNEL32.DLL
0x00007ff94eb90000 - 0x00007ff94edad000 	C:\windows\System32\KERNELBASE.dll
0x00007ff94ffe0000 - 0x00007ff950082000 	C:\windows\System32\ADVAPI32.dll
0x00007ff94ff40000 - 0x00007ff94ffde000 	C:\windows\System32\msvcrt.dll
0x00007ff94fee0000 - 0x00007ff94ff39000 	C:\windows\System32\sechost.dll
0x00007ff94f960000 - 0x00007ff94fa81000 	C:\windows\System32\RPCRT4.dll
0x00007ff951700000 - 0x00007ff951865000 	C:\windows\System32\USER32.dll
0x00007ff94de60000 - 0x00007ff94de7e000 	C:\windows\System32\win32u.dll
0x00007ff951930000 - 0x00007ff951964000 	C:\windows\System32\GDI32.dll
0x00007ff94df30000 - 0x00007ff94e0b1000 	C:\windows\System32\gdi32full.dll
0x00007ff93bca0000 - 0x00007ff93bf1a000 	C:\windows\WinSxS\amd64_microsoft.windows.common-controls_6595b64144ccf1df_6.0.14393.3053_none_7de042968342015d\COMCTL32.dll
0x00007ff94f580000 - 0x00007ff94f845000 	C:\windows\System32\combase.dll
0x00007ff94ea90000 - 0x00007ff94eb84000 	C:\windows\System32\ucrtbase.dll
0x00007ff94ea20000 - 0x00007ff94ea8a000 	C:\windows\System32\bcryptPrimitives.dll
0x00007ff94f550000 - 0x00007ff94f57e000 	C:\windows\System32\IMM32.DLL
0x00000000576f0000 - 0x00000000577c2000 	C:\Program Files\Java\jre1.8.0_221\bin\msvcr100.dll
0x00000000577d0000 - 0x0000000058075000 	C:\Program Files\Java\jre1.8.0_221\bin\server\jvm.dll
0x00007ff9516f0000 - 0x00007ff9516f8000 	C:\windows\System32\PSAPI.DLL
0x00007ff92d750000 - 0x00007ff92d759000 	C:\windows\SYSTEM32\WSOCK32.dll
0x00007ff950090000 - 0x00007ff9500fa000 	C:\windows\System32\WS2_32.dll
0x00007ff94c1d0000 - 0x00007ff94c1f3000 	C:\windows\SYSTEM32\WINMM.dll
0x00007ff946440000 - 0x00007ff94644a000 	C:\windows\SYSTEM32\VERSION.dll
0x00007ff94c1a0000 - 0x00007ff94c1cb000 	C:\windows\SYSTEM32\WINMMBASE.dll
0x00007ff94eeb0000 - 0x00007ff94eef2000 	C:\windows\System32\cfgmgr32.dll
0x00007ff92d740000 - 0x00007ff92d74f000 	C:\Program Files\Java\jre1.8.0_221\bin\verify.dll
0x00007ff92cfb0000 - 0x00007ff92cfd9000 	C:\Program Files\Java\jre1.8.0_221\bin\java.dll
0x00007ff92cf60000 - 0x00007ff92cf76000 	C:\Program Files\Java\jre1.8.0_221\bin\zip.dll
0x00007ff950160000 - 0x00007ff951665000 	C:\windows\System32\SHELL32.dll
0x00007ff94e290000 - 0x00007ff94e96a000 	C:\windows\System32\windows.storage.dll
0x00007ff94ddd0000 - 0x00007ff94de1c000 	C:\windows\System32\powrprof.dll
0x00007ff94fbf0000 - 0x00007ff94fc42000 	C:\windows\System32\shlwapi.dll
0x00007ff94de50000 - 0x00007ff94de5f000 	C:\windows\System32\kernel.appcore.dll
0x00007ff94de80000 - 0x00007ff94df29000 	C:\windows\System32\shcore.dll
0x00007ff94de20000 - 0x00007ff94de34000 	C:\windows\System32\profapi.dll
0x00007ff92cf40000 - 0x00007ff92cf5a000 	C:\Program Files\Java\jre1.8.0_221\bin\net.dll
0x00007ff942e40000 - 0x00007ff943002000 	C:\windows\SYSTEM32\urlmon.dll
0x00007ff947280000 - 0x00007ff947530000 	C:\windows\SYSTEM32\iertutil.dll
0x00007ff94d6a0000 - 0x00007ff94d6fc000 	C:\windows\system32\mswsock.dll
0x00007ff94d420000 - 0x00007ff94d458000 	C:\windows\SYSTEM32\IPHLPAPI.DLL
0x00007ff94f950000 - 0x00007ff94f958000 	C:\windows\System32\NSI.dll
0x00007ff949e70000 - 0x00007ff949e86000 	C:\windows\SYSTEM32\dhcpcsvc6.DLL
0x00007ff949e50000 - 0x00007ff949e6a000 	C:\windows\SYSTEM32\dhcpcsvc.DLL
0x00007ff94d460000 - 0x00007ff94d502000 	C:\windows\SYSTEM32\DNSAPI.dll
0x00007ff947250000 - 0x00007ff94725a000 	C:\Windows\System32\rasadhlp.dll
0x00007ff949ec0000 - 0x00007ff949f2a000 	C:\windows\System32\fwpuclnt.dll
0x00007ff94dd20000 - 0x00007ff94dd4b000 	C:\windows\SYSTEM32\bcrypt.dll
0x00007ff941dc0000 - 0x00007ff941dcd000 	C:\Program Files\Java\jre1.8.0_221\bin\management.dll
0x00007ff941e20000 - 0x00007ff941e36000 	C:\windows\system32\napinsp.dll
0x00007ff941e10000 - 0x00007ff941e1e000 	C:\windows\System32\winrnr.dll
0x00007ff94ad60000 - 0x00007ff94ad78000 	C:\windows\system32\NLAapi.dll
0x00007ff92cf20000 - 0x00007ff92cf32000 	C:\Program Files\Java\jre1.8.0_221\bin\nio.dll

VM Arguments:
jvm_args: -Dfile.encoding=UTF-8 
java_command: com.eatza.restaurantsearch.RestaurantsearchserviceApplication
java_class_path (initial): C:\Users\vmadmin\Desktop\spring-boot-301-restaurant-project-master (1)\spring-boot-301-restaurant-project-master\restaurantsearchservice\target\classes;C:\Users\vmadmin\.m2\repository\org\springframework\cloud\spring-cloud-starter-netflix-eureka-client\2.1.1.RELEASE\spring-cloud-starter-netflix-eureka-client-2.1.1.RELEASE.jar;C:\Users\vmadmin\.m2\repository\org\springframework\cloud\spring-cloud-starter\2.1.1.RELEASE\spring-cloud-starter-2.1.1.RELEASE.jar;C:\Users\vmadmin\.m2\repository\org\springframework\cloud\spring-cloud-context\2.1.1.RELEASE\spring-cloud-context-2.1.1.RELEASE.jar;C:\Users\vmadmin\.m2\repository\org\springframework\security\spring-security-crypto\5.1.6.RELEASE\spring-security-crypto-5.1.6.RELEASE.jar;C:\Users\vmadmin\.m2\repository\org\springframework\cloud\spring-cloud-commons\2.1.1.RELEASE\spring-cloud-commons-2.1.1.RELEASE.jar;C:\Users\vmadmin\.m2\repository\org\springframework\security\spring-security-rsa\1.0.7.RELEASE\spring-security-rsa-1.0.7.RELEASE.jar;C:\Users\vmadmin\.m2\repository\org\bouncycastle\bcpkix-jdk15on\1.60\bcpkix-jdk15on-1.60.jar;C:\Users\vmadmin\.m2\repository\org\bouncycastle\bcprov-jdk15on\1.60\bcprov-jdk15on-1.60.jar;C:\Users\vmadmin\.m2\repository\org\springframework\cloud\spring-cloud-netflix-hystrix\2.1.1.RELEASE\spring-cloud-netflix-hystrix-2.1.1.RELEASE.jar;C:\Users\vmadmin\.m2\repository\org\springframework\boot\spring-boot-autoconfigure\2.1.7.RELEASE\spring-boot-autoconfigure-2.1.7.RELEASE.jar;C:\Users\vmadmin\.m2\repository\org\springframework\cloud\spring-cloud-netflix-eureka-client\2.1.1.RELEASE\spring-cloud-netflix-eureka-client-2.1.1.RELEASE.jar;C:\Users\vmadmin\.m2\repository\com\netflix\eureka\eureka-client\1.9.8\eureka-client-1.9.8.jar;C:\Users\vmadmin\.m2\repository\org\codehaus\jettison\jettison\1.3.7\jettison-1.3.7.jar;C:\Users\vmadmin\.m2\repository\stax\stax-api\1.0.1\stax-api-1.0.1.jar;C:\Users\vmadmin\.m2\repository\com\netflix\netflix-commons\netflix-eventbus\0.3.0\net
Launcher Type: SUN_STANDARD

Environment Variables:
JAVA_HOME=C:\Program Files\Java\jdk1.8.0_221
PATH=C:/Program Files/Java/jre1.8.0_221/bin/server;C:/Program Files/Java/jre1.8.0_221/bin;C:/Program Files/Java/jre1.8.0_221/lib/amd64;C:\Program Files (x86)\Common Files\Oracle\Java\javapath;C:\windows\system32;C:\windows;C:\windows\System32\Wbem;C:\windows\System32\WindowsPowerShell\v1.0\;C:\Program Files\Java\jdk1.8.0_221\bin;C:\Program Files\Java\jre1.8.0_221\bin;C:\Program Files\Git\cmd;C:\Program Files\nodejs\;C:\Program Files\Microsoft VS Code\bin;C:\Users\vmadmin\kafka\kafka_2.12-2.5.0\bin\windows;C:\Users\vmadmin\AppData\Local\Microsoft\WindowsApps;;C:\eclipse-jee-2019-06-R-win32-x86_64\eclipse;
USERNAME=vmadmin
OS=Windows_NT
PROCESSOR_IDENTIFIER=Intel64 Family 6 Model 79 Stepping 1, GenuineIntel



---------------  S Y S T E M  ---------------

OS: Windows 10.0 , 64 bit Build 14393 (10.0.14393.2969)

CPU:total 2 (initial active 2) (2 cores per cpu, 1 threads per core) family 6 model 79 stepping 1, cmov, cx8, fxsr, mmx, sse, sse2, sse3, ssse3, sse4.1, sse4.2, popcnt, avx, avx2, aes, clmul, erms, rtm, 3dnowpref, lzcnt, tsc, bmi1, bmi2, adx

Memory: 4k page, physical 8388148k(1347484k free), swap 10485160k(4092k free)

vm_info: Java HotSpot(TM) 64-Bit Server VM (25.221-b11) for windows-amd64 JRE (1.8.0_221-b11), built on Jul  4 2019 04:39:29 by "java_re" with MS VC++ 10.0 (VS2010)

time: Tue Jul 07 11:32:17 2020
timezone: Coordinated Universal Time
elapsed time: 14 seconds (0d 0h 0m 14s)

